#
# There is insufficient memory for the Java Runtime Environment to continue.
# Native memory allocation (malloc) failed to allocate 42544 bytes. Error detail: Chunk::new
# Possible reasons:
#   The system is out of physical RAM or swap space
#   This process is running with CompressedOops enabled, and the Java Heap may be blocking the growth of the native heap
# Possible solutions:
#   Reduce memory load on the system
#   Increase physical memory or swap space
#   Check if swap backing store is full
#   Decrease Java heap size (-Xmx/-Xms)
#   Decrease number of Java threads
#   Decrease Java thread stack sizes (-Xss)
#   Set larger code cache with -XX:ReservedCodeCacheSize=
#   JVM is running with Unscaled Compressed Oops mode in which the Java heap is
#     placed in the first 4GB address space. The Java Heap base address is the
#     maximum limit for the native heap growth. Please use -XX:HeapBaseMinAddress
#     to set the Java Heap base and to place the Java Heap above 4GB virtual address.
# This output file may be truncated or incomplete.
#
#  Out of Memory Error (arena.cpp:150), pid=6292, tid=17492
#
# JRE version: Java(TM) SE Runtime Environment (22.0.2+9) (build 22.0.2+9-70)
# Java VM: Java HotSpot(TM) 64-Bit Server VM (22.0.2+9-70, mixed mode, sharing, tiered, compressed oops, compressed class ptrs, g1 gc, windows-amd64)
# No core dump will be written. Minidumps are not enabled by default on client versions of Windows
#

---------------  S U M M A R Y ------------

Command Line: -javaagent:C:\Program Files\JetBrains\IntelliJ IDEA Community Edition 2024.3.5\lib\idea_rt.jar=59655 -Dfile.encoding=UTF-8 -Dsun.stdout.encoding=UTF-8 -Dsun.stderr.encoding=UTF-8 com.reciclatech.RegistroSaida.RegistroSaidaApplication

Host: 12th Gen Intel(R) Core(TM) i5-1235U, 12 cores, 7G,  Windows 11 , 64 bit Build 26100 (10.0.26100.4202)
Time: Mon Jun  2 15:42:18 2025 Hora Padrão de Buenos Aires elapsed time: 15.150298 seconds (0d 0h 0m 15s)

---------------  T H R E A D  ---------------

Current thread (0x0000025dd0071130):  JavaThread "C2 CompilerThread1" daemon [_thread_in_native, id=17492, stack(0x000000c9ee100000,0x000000c9ee200000) (1024K)]


Current CompileTask:
C2:15150 1178       4       java.util.jar.JarFile::getVersionedEntry (133 bytes)

Stack: [0x000000c9ee100000,0x000000c9ee200000]
Native frames: (J=compiled Java code, j=interpreted, Vv=VM code, C=native code)
V  [jvm.dll+0x6e26e9]  (no source info available)
V  [jvm.dll+0x875753]  (no source info available)
V  [jvm.dll+0x877b7e]  (no source info available)
V  [jvm.dll+0x878253]  (no source info available)
V  [jvm.dll+0x27fc86]  (no source info available)
V  [jvm.dll+0xc3d0f]  (no source info available)
V  [jvm.dll+0xc3f6b]  (no source info available)
V  [jvm.dll+0x1d76df]  (no source info available)
V  [jvm.dll+0x66cf52]  (no source info available)
V  [jvm.dll+0x671217]  (no source info available)
V  [jvm.dll+0x247677]  (no source info available)
V  [jvm.dll+0x246e9f]  (no source info available)
V  [jvm.dll+0x1c4e80]  (no source info available)
V  [jvm.dll+0x2568f3]  (no source info available)
V  [jvm.dll+0x254baa]  (no source info available)
V  [jvm.dll+0x3f57a6]  (no source info available)
V  [jvm.dll+0x81dc0b]  (no source info available)
V  [jvm.dll+0x6e0d85]  (no source info available)
C  [ucrtbase.dll+0x37b0]  (no source info available)
C  [KERNEL32.DLL+0x2e8d7]  (no source info available)
C  [ntdll.dll+0x3c34c]  (no source info available)


---------------  P R O C E S S  ---------------

Threads class SMR info:
_java_thread_list=0x0000025dd50209a0, length=15, elements={
0x0000025deb224a00, 0x0000025dd002b1d0, 0x0000025dd002dc40, 0x0000025dd00312d0,
0x0000025dd0031fb0, 0x0000025dd0033a20, 0x0000025dd00405d0, 0x0000025dd006e1b0,
0x0000025dd0070a60, 0x0000025dd015a820, 0x0000025dd03d24f0, 0x0000025dd03fdb60,
0x0000025dd0071130, 0x0000025dd0ae9720, 0x0000025dd0755f60
}

Java Threads: ( => current thread )
  0x0000025deb224a00 JavaThread "main"                              [_thread_blocked, id=21536, stack(0x000000c9ed000000,0x000000c9ed100000) (1024K)]
  0x0000025dd002b1d0 JavaThread "Reference Handler"          daemon [_thread_blocked, id=3328, stack(0x000000c9ed800000,0x000000c9ed900000) (1024K)]
  0x0000025dd002dc40 JavaThread "Finalizer"                  daemon [_thread_blocked, id=10828, stack(0x000000c9ed900000,0x000000c9eda00000) (1024K)]
  0x0000025dd00312d0 JavaThread "Signal Dispatcher"          daemon [_thread_blocked, id=10612, stack(0x000000c9eda00000,0x000000c9edb00000) (1024K)]
  0x0000025dd0031fb0 JavaThread "Attach Listener"            daemon [_thread_blocked, id=9448, stack(0x000000c9edb00000,0x000000c9edc00000) (1024K)]
  0x0000025dd0033a20 JavaThread "Service Thread"             daemon [_thread_blocked, id=2908, stack(0x000000c9edc00000,0x000000c9edd00000) (1024K)]
  0x0000025dd00405d0 JavaThread "Monitor Deflation Thread"   daemon [_thread_blocked, id=10792, stack(0x000000c9edd00000,0x000000c9ede00000) (1024K)]
  0x0000025dd006e1b0 JavaThread "C2 CompilerThread0"         daemon [_thread_blocked, id=6308, stack(0x000000c9ede00000,0x000000c9edf00000) (1024K)]
  0x0000025dd0070a60 JavaThread "C1 CompilerThread0"         daemon [_thread_blocked, id=6556, stack(0x000000c9edf00000,0x000000c9ee000000) (1024K)]
  0x0000025dd015a820 JavaThread "Common-Cleaner"             daemon [_thread_blocked, id=19476, stack(0x000000c9ee000000,0x000000c9ee100000) (1024K)]
  0x0000025dd03d24f0 JavaThread "Monitor Ctrl-Break"         daemon [_thread_in_native, id=16936, stack(0x000000c9ee200000,0x000000c9ee300000) (1024K)]
  0x0000025dd03fdb60 JavaThread "Notification Thread"        daemon [_thread_blocked, id=19652, stack(0x000000c9ee300000,0x000000c9ee400000) (1024K)]
=>0x0000025dd0071130 JavaThread "C2 CompilerThread1"         daemon [_thread_in_native, id=17492, stack(0x000000c9ee100000,0x000000c9ee200000) (1024K)]
  0x0000025dd0ae9720 JavaThread "Thread-0"                          [_thread_blocked, id=7364, stack(0x000000c9ee400000,0x000000c9ee500000) (1024K)]
  0x0000025dd0755f60 JavaThread "restartedMain"                     [_thread_blocked, id=22520, stack(0x000000c9ee500000,0x000000c9ee600000) (1024K)]
Total: 15

Other Threads:
  0x0000025dd000be10 VMThread "VM Thread"                           [id=4704, stack(0x000000c9ed700000,0x000000c9ed800000) (1024K)] _threads_hazard_ptr=0x0000025dd50209a0
  0x0000025df8e01a00 WatcherThread "VM Periodic Task Thread"        [id=9712, stack(0x000000c9ed600000,0x000000c9ed700000) (1024K)]
  0x0000025deb27c460 WorkerThread "GC Thread#0"                     [id=14808, stack(0x000000c9ed100000,0x000000c9ed200000) (1024K)]
  0x0000025dd0385b30 WorkerThread "GC Thread#1"                     [id=664, stack(0x000000c9ee600000,0x000000c9ee700000) (1024K)]
  0x0000025dd0175010 WorkerThread "GC Thread#2"                     [id=11788, stack(0x000000c9ee700000,0x000000c9ee800000) (1024K)]
  0x0000025dd01753c0 WorkerThread "GC Thread#3"                     [id=9504, stack(0x000000c9ee800000,0x000000c9ee900000) (1024K)]
  0x0000025dd500f5d0 WorkerThread "GC Thread#4"                     [id=9652, stack(0x000000c9ee900000,0x000000c9eea00000) (1024K)]
  0x0000025dd50edad0 WorkerThread "GC Thread#5"                     [id=21780, stack(0x000000c9eea00000,0x000000c9eeb00000) (1024K)]
  0x0000025deb2a9c20 ConcurrentGCThread "G1 Main Marker"            [id=9784, stack(0x000000c9ed200000,0x000000c9ed300000) (1024K)]
  0x0000025deb2aa640 WorkerThread "G1 Conc#0"                       [id=12624, stack(0x000000c9ed300000,0x000000c9ed400000) (1024K)]
  0x0000025df8cc01b0 ConcurrentGCThread "G1 Refine#0"               [id=22488, stack(0x000000c9ed400000,0x000000c9ed500000) (1024K)]
  0x0000025df8cc1af0 ConcurrentGCThread "G1 Service"                [id=15672, stack(0x000000c9ed500000,0x000000c9ed600000) (1024K)]
Total: 12

Threads with active compile tasks:
C1 CompilerThread0  21237 1224       3       java.lang.invoke.VarHandleGuards::guard_LL_V (123 bytes)
C2 CompilerThread1  21237 1178       4       java.util.jar.JarFile::getVersionedEntry (133 bytes)
Total: 2

VM state: synchronizing (normal execution)

VM Mutex/Monitor currently owned by a thread:  ([mutex/lock_event])
[0x00007ffa59accb80] Threads_lock - owner thread: 0x0000025dd000be10

Heap address: 0x0000000084400000, size: 1980 MB, Compressed Oops mode: 32-bit

CDS archive(s) mapped at: [0x0000025d8f000000-0x0000025d8fc60000-0x0000025d8fc60000), size 12976128, SharedBaseAddress: 0x0000025d8f000000, ArchiveRelocationMode: 1.
Compressed class space mapped at: 0x0000025d90000000-0x0000025dd0000000, reserved size: 1073741824
Narrow klass base: 0x0000025d8f000000, Narrow klass shift: 0, Narrow klass range: 0x41000000

GC Precious Log:
 CardTable entry size: 512
 Card Set container configuration: InlinePtr #cards 5 size 8 Array Of Cards #cards 12 size 40 Howl #buckets 4 coarsen threshold 1843 Howl Bitmap #cards 512 size 80 coarsen threshold 460 Card regions per heap region 1 cards per card region 2048
 CPUs: 12 total, 12 available
 Memory: 7916M
 Large Page Support: Disabled
 NUMA Support: Disabled
 Compressed Oops: Enabled (32-bit)
 Heap Region Size: 1M
 Heap Min Capacity: 8M
 Heap Initial Capacity: 124M
 Heap Max Capacity: 1980M
 Pre-touch: Disabled
 Parallel Workers: 10
 Concurrent Workers: 3
 Concurrent Refinement Workers: 10
 Periodic GC: Disabled

Heap:
 garbage-first heap   total reserved 2027520K, committed 126976K, used 7541K [0x0000000084400000, 0x0000000100000000)
  region size 1024K, 4 young (4096K), 3 survivors (3072K)
 Metaspace       used 6043K, committed 6272K, reserved 1114112K
  class space    used 707K, committed 832K, reserved 1048576K

Heap Regions: E=young(eden), S=young(survivor), O=old, HS=humongous(starts), HC=humongous(continues), CS=collection set, F=free, TAMS=top-at-mark-start, PB=parsable bottom
|   0|0x0000000084400000, 0x0000000084500000, 0x0000000084500000|100%|HS|  |TAMS 0x0000000084400000| PB 0x0000000084400000| Complete |  0
|   1|0x0000000084500000, 0x0000000084600000, 0x0000000084600000|100%|HS|  |TAMS 0x0000000084500000| PB 0x0000000084500000| Complete |  0
|   2|0x0000000084600000, 0x0000000084700000, 0x0000000084700000|100%| O|  |TAMS 0x0000000084600000| PB 0x0000000084600000| Untracked |  0
|   3|0x0000000084700000, 0x0000000084800000, 0x0000000084800000|100%| O|  |TAMS 0x0000000084700000| PB 0x0000000084700000| Untracked |  0
|   4|0x0000000084800000, 0x000000008485d4c0, 0x0000000084900000| 36%| O|  |TAMS 0x0000000084800000| PB 0x0000000084800000| Untracked |  0
|   5|0x0000000084900000, 0x0000000084900000, 0x0000000084a00000|  0%| F|  |TAMS 0x0000000084900000| PB 0x0000000084900000| Untracked |  0
|   6|0x0000000084a00000, 0x0000000084a00000, 0x0000000084b00000|  0%| F|  |TAMS 0x0000000084a00000| PB 0x0000000084a00000| Untracked |  0
|   7|0x0000000084b00000, 0x0000000084b00000, 0x0000000084c00000|  0%| F|  |TAMS 0x0000000084b00000| PB 0x0000000084b00000| Untracked |  0
|   8|0x0000000084c00000, 0x0000000084c00000, 0x0000000084d00000|  0%| F|  |TAMS 0x0000000084c00000| PB 0x0000000084c00000| Untracked |  0
|   9|0x0000000084d00000, 0x0000000084d00000, 0x0000000084e00000|  0%| F|  |TAMS 0x0000000084d00000| PB 0x0000000084d00000| Untracked |  0
|  10|0x0000000084e00000, 0x0000000084e00000, 0x0000000084f00000|  0%| F|  |TAMS 0x0000000084e00000| PB 0x0000000084e00000| Untracked |  0
|  11|0x0000000084f00000, 0x0000000084f00000, 0x0000000085000000|  0%| F|  |TAMS 0x0000000084f00000| PB 0x0000000084f00000| Untracked |  0
|  12|0x0000000085000000, 0x0000000085000000, 0x0000000085100000|  0%| F|  |TAMS 0x0000000085000000| PB 0x0000000085000000| Untracked |  0
|  13|0x0000000085100000, 0x0000000085100000, 0x0000000085200000|  0%| F|  |TAMS 0x0000000085100000| PB 0x0000000085100000| Untracked |  0
|  14|0x0000000085200000, 0x0000000085200000, 0x0000000085300000|  0%| F|  |TAMS 0x0000000085200000| PB 0x0000000085200000| Untracked |  0
|  15|0x0000000085300000, 0x0000000085300000, 0x0000000085400000|  0%| F|  |TAMS 0x0000000085300000| PB 0x0000000085300000| Untracked |  0
|  16|0x0000000085400000, 0x0000000085400000, 0x0000000085500000|  0%| F|  |TAMS 0x0000000085400000| PB 0x0000000085400000| Untracked |  0
|  17|0x0000000085500000, 0x0000000085500000, 0x0000000085600000|  0%| F|  |TAMS 0x0000000085500000| PB 0x0000000085500000| Untracked |  0
|  18|0x0000000085600000, 0x0000000085600000, 0x0000000085700000|  0%| F|  |TAMS 0x0000000085600000| PB 0x0000000085600000| Untracked |  0
|  19|0x0000000085700000, 0x0000000085700000, 0x0000000085800000|  0%| F|  |TAMS 0x0000000085700000| PB 0x0000000085700000| Untracked |  0
|  20|0x0000000085800000, 0x0000000085800000, 0x0000000085900000|  0%| F|  |TAMS 0x0000000085800000| PB 0x0000000085800000| Untracked |  0
|  21|0x0000000085900000, 0x0000000085900000, 0x0000000085a00000|  0%| F|  |TAMS 0x0000000085900000| PB 0x0000000085900000| Untracked |  0
|  22|0x0000000085a00000, 0x0000000085a00000, 0x0000000085b00000|  0%| F|  |TAMS 0x0000000085a00000| PB 0x0000000085a00000| Untracked |  0
|  23|0x0000000085b00000, 0x0000000085b00000, 0x0000000085c00000|  0%| F|  |TAMS 0x0000000085b00000| PB 0x0000000085b00000| Untracked |  0
|  24|0x0000000085c00000, 0x0000000085c00000, 0x0000000085d00000|  0%| F|  |TAMS 0x0000000085c00000| PB 0x0000000085c00000| Untracked |  0
|  25|0x0000000085d00000, 0x0000000085d00000, 0x0000000085e00000|  0%| F|  |TAMS 0x0000000085d00000| PB 0x0000000085d00000| Untracked |  0
|  26|0x0000000085e00000, 0x0000000085e00000, 0x0000000085f00000|  0%| F|  |TAMS 0x0000000085e00000| PB 0x0000000085e00000| Untracked |  0
|  27|0x0000000085f00000, 0x0000000085f00000, 0x0000000086000000|  0%| F|  |TAMS 0x0000000085f00000| PB 0x0000000085f00000| Untracked |  0
|  28|0x0000000086000000, 0x0000000086000000, 0x0000000086100000|  0%| F|  |TAMS 0x0000000086000000| PB 0x0000000086000000| Untracked |  0
|  29|0x0000000086100000, 0x0000000086100000, 0x0000000086200000|  0%| F|  |TAMS 0x0000000086100000| PB 0x0000000086100000| Untracked |  0
|  30|0x0000000086200000, 0x0000000086200000, 0x0000000086300000|  0%| F|  |TAMS 0x0000000086200000| PB 0x0000000086200000| Untracked |  0
|  31|0x0000000086300000, 0x0000000086300000, 0x0000000086400000|  0%| F|  |TAMS 0x0000000086300000| PB 0x0000000086300000| Untracked |  0
|  32|0x0000000086400000, 0x0000000086400000, 0x0000000086500000|  0%| F|  |TAMS 0x0000000086400000| PB 0x0000000086400000| Untracked |  0
|  33|0x0000000086500000, 0x0000000086500000, 0x0000000086600000|  0%| F|  |TAMS 0x0000000086500000| PB 0x0000000086500000| Untracked |  0
|  34|0x0000000086600000, 0x0000000086600000, 0x0000000086700000|  0%| F|  |TAMS 0x0000000086600000| PB 0x0000000086600000| Untracked |  0
|  35|0x0000000086700000, 0x0000000086700000, 0x0000000086800000|  0%| F|  |TAMS 0x0000000086700000| PB 0x0000000086700000| Untracked |  0
|  36|0x0000000086800000, 0x0000000086800000, 0x0000000086900000|  0%| F|  |TAMS 0x0000000086800000| PB 0x0000000086800000| Untracked |  0
|  37|0x0000000086900000, 0x0000000086900000, 0x0000000086a00000|  0%| F|  |TAMS 0x0000000086900000| PB 0x0000000086900000| Untracked |  0
|  38|0x0000000086a00000, 0x0000000086a00000, 0x0000000086b00000|  0%| F|  |TAMS 0x0000000086a00000| PB 0x0000000086a00000| Untracked |  0
|  39|0x0000000086b00000, 0x0000000086b00000, 0x0000000086c00000|  0%| F|  |TAMS 0x0000000086b00000| PB 0x0000000086b00000| Untracked |  0
|  40|0x0000000086c00000, 0x0000000086c00000, 0x0000000086d00000|  0%| F|  |TAMS 0x0000000086c00000| PB 0x0000000086c00000| Untracked |  0
|  41|0x0000000086d00000, 0x0000000086d00000, 0x0000000086e00000|  0%| F|  |TAMS 0x0000000086d00000| PB 0x0000000086d00000| Untracked |  0
|  42|0x0000000086e00000, 0x0000000086e00000, 0x0000000086f00000|  0%| F|  |TAMS 0x0000000086e00000| PB 0x0000000086e00000| Untracked |  0
|  43|0x0000000086f00000, 0x0000000086f00000, 0x0000000087000000|  0%| F|  |TAMS 0x0000000086f00000| PB 0x0000000086f00000| Untracked |  0
|  44|0x0000000087000000, 0x0000000087000000, 0x0000000087100000|  0%| F|  |TAMS 0x0000000087000000| PB 0x0000000087000000| Untracked |  0
|  45|0x0000000087100000, 0x0000000087100000, 0x0000000087200000|  0%| F|  |TAMS 0x0000000087100000| PB 0x0000000087100000| Untracked |  0
|  46|0x0000000087200000, 0x0000000087200000, 0x0000000087300000|  0%| F|  |TAMS 0x0000000087200000| PB 0x0000000087200000| Untracked |  0
|  47|0x0000000087300000, 0x0000000087300000, 0x0000000087400000|  0%| F|  |TAMS 0x0000000087300000| PB 0x0000000087300000| Untracked |  0
|  48|0x0000000087400000, 0x0000000087400000, 0x0000000087500000|  0%| F|  |TAMS 0x0000000087400000| PB 0x0000000087400000| Untracked |  0
|  49|0x0000000087500000, 0x0000000087500000, 0x0000000087600000|  0%| F|  |TAMS 0x0000000087500000| PB 0x0000000087500000| Untracked |  0
|  50|0x0000000087600000, 0x0000000087600000, 0x0000000087700000|  0%| F|  |TAMS 0x0000000087600000| PB 0x0000000087600000| Untracked |  0
|  51|0x0000000087700000, 0x0000000087700000, 0x0000000087800000|  0%| F|  |TAMS 0x0000000087700000| PB 0x0000000087700000| Untracked |  0
|  52|0x0000000087800000, 0x0000000087800000, 0x0000000087900000|  0%| F|  |TAMS 0x0000000087800000| PB 0x0000000087800000| Untracked |  0
|  53|0x0000000087900000, 0x0000000087900000, 0x0000000087a00000|  0%| F|  |TAMS 0x0000000087900000| PB 0x0000000087900000| Untracked |  0
|  54|0x0000000087a00000, 0x0000000087a00000, 0x0000000087b00000|  0%| F|  |TAMS 0x0000000087a00000| PB 0x0000000087a00000| Untracked |  0
|  55|0x0000000087b00000, 0x0000000087b00000, 0x0000000087c00000|  0%| F|  |TAMS 0x0000000087b00000| PB 0x0000000087b00000| Untracked |  0
|  56|0x0000000087c00000, 0x0000000087c00000, 0x0000000087d00000|  0%| F|  |TAMS 0x0000000087c00000| PB 0x0000000087c00000| Untracked |  0
|  57|0x0000000087d00000, 0x0000000087d00000, 0x0000000087e00000|  0%| F|  |TAMS 0x0000000087d00000| PB 0x0000000087d00000| Untracked |  0
|  58|0x0000000087e00000, 0x0000000087e00000, 0x0000000087f00000|  0%| F|  |TAMS 0x0000000087e00000| PB 0x0000000087e00000| Untracked |  0
|  59|0x0000000087f00000, 0x0000000087f00000, 0x0000000088000000|  0%| F|  |TAMS 0x0000000087f00000| PB 0x0000000087f00000| Untracked |  0
|  60|0x0000000088000000, 0x0000000088000000, 0x0000000088100000|  0%| F|  |TAMS 0x0000000088000000| PB 0x0000000088000000| Untracked |  0
|  61|0x0000000088100000, 0x0000000088100000, 0x0000000088200000|  0%| F|  |TAMS 0x0000000088100000| PB 0x0000000088100000| Untracked |  0
|  62|0x0000000088200000, 0x0000000088200000, 0x0000000088300000|  0%| F|  |TAMS 0x0000000088200000| PB 0x0000000088200000| Untracked |  0
|  63|0x0000000088300000, 0x0000000088300000, 0x0000000088400000|  0%| F|  |TAMS 0x0000000088300000| PB 0x0000000088300000| Untracked |  0
|  64|0x0000000088400000, 0x0000000088400000, 0x0000000088500000|  0%| F|  |TAMS 0x0000000088400000| PB 0x0000000088400000| Untracked |  0
|  65|0x0000000088500000, 0x0000000088500000, 0x0000000088600000|  0%| F|  |TAMS 0x0000000088500000| PB 0x0000000088500000| Untracked |  0
|  66|0x0000000088600000, 0x0000000088600000, 0x0000000088700000|  0%| F|  |TAMS 0x0000000088600000| PB 0x0000000088600000| Untracked |  0
|  67|0x0000000088700000, 0x0000000088700000, 0x0000000088800000|  0%| F|  |TAMS 0x0000000088700000| PB 0x0000000088700000| Untracked |  0
|  68|0x0000000088800000, 0x0000000088800000, 0x0000000088900000|  0%| F|  |TAMS 0x0000000088800000| PB 0x0000000088800000| Untracked |  0
|  69|0x0000000088900000, 0x0000000088900000, 0x0000000088a00000|  0%| F|  |TAMS 0x0000000088900000| PB 0x0000000088900000| Untracked |  0
|  70|0x0000000088a00000, 0x0000000088a00000, 0x0000000088b00000|  0%| F|  |TAMS 0x0000000088a00000| PB 0x0000000088a00000| Untracked |  0
|  71|0x0000000088b00000, 0x0000000088b00000, 0x0000000088c00000|  0%| F|  |TAMS 0x0000000088b00000| PB 0x0000000088b00000| Untracked |  0
|  72|0x0000000088c00000, 0x0000000088c00000, 0x0000000088d00000|  0%| F|  |TAMS 0x0000000088c00000| PB 0x0000000088c00000| Untracked |  0
|  73|0x0000000088d00000, 0x0000000088d00000, 0x0000000088e00000|  0%| F|  |TAMS 0x0000000088d00000| PB 0x0000000088d00000| Untracked |  0
|  74|0x0000000088e00000, 0x0000000088e00000, 0x0000000088f00000|  0%| F|  |TAMS 0x0000000088e00000| PB 0x0000000088e00000| Untracked |  0
|  75|0x0000000088f00000, 0x0000000088f00000, 0x0000000089000000|  0%| F|  |TAMS 0x0000000088f00000| PB 0x0000000088f00000| Untracked |  0
|  76|0x0000000089000000, 0x0000000089000000, 0x0000000089100000|  0%| F|  |TAMS 0x0000000089000000| PB 0x0000000089000000| Untracked |  0
|  77|0x0000000089100000, 0x0000000089100000, 0x0000000089200000|  0%| F|  |TAMS 0x0000000089100000| PB 0x0000000089100000| Untracked |  0
|  78|0x0000000089200000, 0x0000000089200000, 0x0000000089300000|  0%| F|  |TAMS 0x0000000089200000| PB 0x0000000089200000| Untracked |  0
|  79|0x0000000089300000, 0x0000000089300000, 0x0000000089400000|  0%| F|  |TAMS 0x0000000089300000| PB 0x0000000089300000| Untracked |  0
|  80|0x0000000089400000, 0x0000000089400000, 0x0000000089500000|  0%| F|  |TAMS 0x0000000089400000| PB 0x0000000089400000| Untracked |  0
|  81|0x0000000089500000, 0x0000000089500000, 0x0000000089600000|  0%| F|  |TAMS 0x0000000089500000| PB 0x0000000089500000| Untracked |  0
|  82|0x0000000089600000, 0x0000000089600000, 0x0000000089700000|  0%| F|  |TAMS 0x0000000089600000| PB 0x0000000089600000| Untracked |  0
|  83|0x0000000089700000, 0x0000000089700000, 0x0000000089800000|  0%| F|  |TAMS 0x0000000089700000| PB 0x0000000089700000| Untracked |  0
|  84|0x0000000089800000, 0x0000000089800000, 0x0000000089900000|  0%| F|  |TAMS 0x0000000089800000| PB 0x0000000089800000| Untracked |  0
|  85|0x0000000089900000, 0x0000000089900000, 0x0000000089a00000|  0%| F|  |TAMS 0x0000000089900000| PB 0x0000000089900000| Untracked |  0
|  86|0x0000000089a00000, 0x0000000089a00000, 0x0000000089b00000|  0%| F|  |TAMS 0x0000000089a00000| PB 0x0000000089a00000| Untracked |  0
|  87|0x0000000089b00000, 0x0000000089b00000, 0x0000000089c00000|  0%| F|  |TAMS 0x0000000089b00000| PB 0x0000000089b00000| Untracked |  0
|  88|0x0000000089c00000, 0x0000000089c00000, 0x0000000089d00000|  0%| F|  |TAMS 0x0000000089c00000| PB 0x0000000089c00000| Untracked |  0
|  89|0x0000000089d00000, 0x0000000089d00000, 0x0000000089e00000|  0%| F|  |TAMS 0x0000000089d00000| PB 0x0000000089d00000| Untracked |  0
|  90|0x0000000089e00000, 0x0000000089e00000, 0x0000000089f00000|  0%| F|  |TAMS 0x0000000089e00000| PB 0x0000000089e00000| Untracked |  0
|  91|0x0000000089f00000, 0x0000000089f00000, 0x000000008a000000|  0%| F|  |TAMS 0x0000000089f00000| PB 0x0000000089f00000| Untracked |  0
|  92|0x000000008a000000, 0x000000008a000000, 0x000000008a100000|  0%| F|  |TAMS 0x000000008a000000| PB 0x000000008a000000| Untracked |  0
|  93|0x000000008a100000, 0x000000008a100000, 0x000000008a200000|  0%| F|  |TAMS 0x000000008a100000| PB 0x000000008a100000| Untracked |  0
|  94|0x000000008a200000, 0x000000008a200000, 0x000000008a300000|  0%| F|  |TAMS 0x000000008a200000| PB 0x000000008a200000| Untracked |  0
|  95|0x000000008a300000, 0x000000008a300000, 0x000000008a400000|  0%| F|  |TAMS 0x000000008a300000| PB 0x000000008a300000| Untracked |  0
|  96|0x000000008a400000, 0x000000008a400000, 0x000000008a500000|  0%| F|  |TAMS 0x000000008a400000| PB 0x000000008a400000| Untracked |  0
|  97|0x000000008a500000, 0x000000008a600000, 0x000000008a600000|100%| S|CS|TAMS 0x000000008a500000| PB 0x000000008a500000| Complete |  0
|  98|0x000000008a600000, 0x000000008a700000, 0x000000008a700000|100%| S|CS|TAMS 0x000000008a600000| PB 0x000000008a600000| Complete |  0
|  99|0x000000008a700000, 0x000000008a800000, 0x000000008a800000|100%| S|CS|TAMS 0x000000008a700000| PB 0x000000008a700000| Complete |  0
| 100|0x000000008a800000, 0x000000008a800000, 0x000000008a900000|  0%| F|  |TAMS 0x000000008a800000| PB 0x000000008a800000| Untracked |  0
| 101|0x000000008a900000, 0x000000008a900000, 0x000000008aa00000|  0%| F|  |TAMS 0x000000008a900000| PB 0x000000008a900000| Untracked |  0
| 102|0x000000008aa00000, 0x000000008aa00000, 0x000000008ab00000|  0%| F|  |TAMS 0x000000008aa00000| PB 0x000000008aa00000| Untracked |  0
| 103|0x000000008ab00000, 0x000000008ab00000, 0x000000008ac00000|  0%| F|  |TAMS 0x000000008ab00000| PB 0x000000008ab00000| Untracked |  0
| 104|0x000000008ac00000, 0x000000008ac00000, 0x000000008ad00000|  0%| F|  |TAMS 0x000000008ac00000| PB 0x000000008ac00000| Untracked |  0
| 105|0x000000008ad00000, 0x000000008ad00000, 0x000000008ae00000|  0%| F|  |TAMS 0x000000008ad00000| PB 0x000000008ad00000| Untracked |  0
| 106|0x000000008ae00000, 0x000000008ae00000, 0x000000008af00000|  0%| F|  |TAMS 0x000000008ae00000| PB 0x000000008ae00000| Untracked |  0
| 107|0x000000008af00000, 0x000000008af00000, 0x000000008b000000|  0%| F|  |TAMS 0x000000008af00000| PB 0x000000008af00000| Untracked |  0
| 108|0x000000008b000000, 0x000000008b000000, 0x000000008b100000|  0%| F|  |TAMS 0x000000008b000000| PB 0x000000008b000000| Untracked |  0
| 109|0x000000008b100000, 0x000000008b100000, 0x000000008b200000|  0%| F|  |TAMS 0x000000008b100000| PB 0x000000008b100000| Untracked |  0
| 110|0x000000008b200000, 0x000000008b200000, 0x000000008b300000|  0%| F|  |TAMS 0x000000008b200000| PB 0x000000008b200000| Untracked |  0
| 111|0x000000008b300000, 0x000000008b300000, 0x000000008b400000|  0%| F|  |TAMS 0x000000008b300000| PB 0x000000008b300000| Untracked |  0
| 112|0x000000008b400000, 0x000000008b400000, 0x000000008b500000|  0%| F|  |TAMS 0x000000008b400000| PB 0x000000008b400000| Untracked |  0
| 113|0x000000008b500000, 0x000000008b500000, 0x000000008b600000|  0%| F|  |TAMS 0x000000008b500000| PB 0x000000008b500000| Untracked |  0
| 114|0x000000008b600000, 0x000000008b600000, 0x000000008b700000|  0%| F|  |TAMS 0x000000008b600000| PB 0x000000008b600000| Untracked |  0
| 115|0x000000008b700000, 0x000000008b700000, 0x000000008b800000|  0%| F|  |TAMS 0x000000008b700000| PB 0x000000008b700000| Untracked |  0
| 116|0x000000008b800000, 0x000000008b800000, 0x000000008b900000|  0%| F|  |TAMS 0x000000008b800000| PB 0x000000008b800000| Untracked |  0
| 117|0x000000008b900000, 0x000000008b900000, 0x000000008ba00000|  0%| F|  |TAMS 0x000000008b900000| PB 0x000000008b900000| Untracked |  0
| 118|0x000000008ba00000, 0x000000008ba00000, 0x000000008bb00000|  0%| F|  |TAMS 0x000000008ba00000| PB 0x000000008ba00000| Untracked |  0
| 119|0x000000008bb00000, 0x000000008bb00000, 0x000000008bc00000|  0%| F|  |TAMS 0x000000008bb00000| PB 0x000000008bb00000| Untracked |  0
| 120|0x000000008bc00000, 0x000000008bc00000, 0x000000008bd00000|  0%| F|  |TAMS 0x000000008bc00000| PB 0x000000008bc00000| Untracked |  0
| 121|0x000000008bd00000, 0x000000008bd00000, 0x000000008be00000|  0%| F|  |TAMS 0x000000008bd00000| PB 0x000000008bd00000| Untracked |  0
| 122|0x000000008be00000, 0x000000008be00000, 0x000000008bf00000|  0%| F|  |TAMS 0x000000008be00000| PB 0x000000008be00000| Untracked |  0
| 123|0x000000008bf00000, 0x000000008bfb0a68, 0x000000008c000000| 69%| E|  |TAMS 0x000000008bf00000| PB 0x000000008bf00000| Complete |  0

Card table byte_map: [0x0000025df3ea0000,0x0000025df4280000] _byte_map_base: 0x0000025df3a7e000

Marking Bits: (CMBitMap*) 0x0000025deb27ca80
 Bits: [0x0000025df4280000, 0x0000025df6170000)

Polling page: 0x0000025de9170000

Metaspace:

Usage:
  Non-class:      5.21 MB used.
      Class:    707.95 KB used.
       Both:      5.90 MB used.

Virtual space:
  Non-class space:       64.00 MB reserved,       5.31 MB (  8%) committed,  1 nodes.
      Class space:        1.00 GB reserved,     832.00 KB ( <1%) committed,  1 nodes.
             Both:        1.06 GB reserved,       6.12 MB ( <1%) committed. 

Chunk freelists:
   Non-Class:  9.39 MB
       Class:  15.03 MB
        Both:  24.42 MB

MaxMetaspaceSize: unlimited
CompressedClassSpaceSize: 1.00 GB
Initial GC threshold: 21.00 MB
Current GC threshold: 21.00 MB
CDS: on
 - commit_granule_bytes: 65536.
 - commit_granule_words: 8192.
 - virtual_space_node_default_size: 8388608.
 - enlarge_chunks_in_place: 1.
 - use_allocation_guard: 0.


Internal statistics:

num_allocs_failed_limit: 0.
num_arena_births: 158.
num_arena_deaths: 0.
num_vsnodes_births: 2.
num_vsnodes_deaths: 0.
num_space_committed: 98.
num_space_uncommitted: 0.
num_chunks_returned_to_freelist: 0.
num_chunks_taken_from_freelist: 357.
num_chunk_merges: 0.
num_chunk_splits: 203.
num_chunks_enlarged: 107.
num_inconsistent_stats: 0.

CodeHeap 'non-profiled nmethods': size=120000Kb used=440Kb max_used=440Kb free=119559Kb
 bounds [0x0000025d87ad0000, 0x0000025d87d40000, 0x0000025d8f000000]
CodeHeap 'profiled nmethods': size=120000Kb used=2070Kb max_used=2070Kb free=117929Kb
 bounds [0x0000025d80000000, 0x0000025d80270000, 0x0000025d87530000]
CodeHeap 'non-nmethods': size=5760Kb used=1370Kb max_used=1402Kb free=4390Kb
 bounds [0x0000025d87530000, 0x0000025d877a0000, 0x0000025d87ad0000]
 total_blobs=1693 nmethods=1223 adapters=375
 compilation: enabled
              stopped_count=0, restarted_count=0
 full_count=0

Compilation events (20 events):
Event: 7.061 Thread 0x0000025dd0070a60 nmethod 1185 0x0000025d801f3490 code [0x0000025d801f36e0, 0x0000025d801f3c08]
Event: 7.061 Thread 0x0000025dd0070a60 1186       3       java.lang.ClassLoader::checkCerts (121 bytes)
Event: 7.061 Thread 0x0000025dd0070a60 nmethod 1186 0x0000025d801f3f10 code [0x0000025d801f4220, 0x0000025d801f5018]
Event: 7.061 Thread 0x0000025dd0070a60 1187       3       java.lang.ClassLoader::getNamedPackage (73 bytes)
Event: 7.062 Thread 0x0000025dd0070a60 nmethod 1187 0x0000025d801f5590 code [0x0000025d801f5780, 0x0000025d801f5c98]
Event: 7.062 Thread 0x0000025dd0070a60 1191       3       java.lang.ClassLoader::preDefineClass (118 bytes)
Event: 7.062 Thread 0x0000025dd0070a60 nmethod 1191 0x0000025d801f5e90 code [0x0000025d801f6200, 0x0000025d801f7460]
Event: 7.062 Thread 0x0000025dd0070a60 1192       3       java.lang.ClassLoader::postDefineClass (39 bytes)
Event: 7.063 Thread 0x0000025dd0070a60 nmethod 1192 0x0000025d801f7b90 code [0x0000025d801f7d80, 0x0000025d801f80a8]
Event: 7.063 Thread 0x0000025dd0070a60 1188       3       jdk.internal.loader.ClassLoaders$AppClassLoader::defineOrCheckPackage (8 bytes)
Event: 7.063 Thread 0x0000025dd0070a60 nmethod 1188 0x0000025d801f8290 code [0x0000025d801f8440, 0x0000025d801f8580]
Event: 7.063 Thread 0x0000025dd0070a60 1189   !   3       jdk.internal.loader.BuiltinClassLoader::defineOrCheckPackage (94 bytes)
Event: 7.063 Thread 0x0000025dd0070a60 nmethod 1189 0x0000025d801f8610 code [0x0000025d801f8880, 0x0000025d801f9188]
Event: 7.063 Thread 0x0000025dd0070a60 1190       3       jdk.internal.loader.BuiltinClassLoader::getAndVerifyPackage (113 bytes)
Event: 10.099 Thread 0x0000025dd0070a60 nmethod 1190 0x0000025d801f9490 code [0x0000025d801f9800, 0x0000025d801fa980]
Event: 10.114 Thread 0x0000025dd0070a60 1193       3       jdk.internal.loader.URLClassPath$JarLoader$2::getContentLength (9 bytes)
Event: 10.115 Thread 0x0000025dd0070a60 nmethod 1193 0x0000025d801faf90 code [0x0000025d801fb120, 0x0000025d801fb2d8]
Event: 10.115 Thread 0x0000025dd0070a60 1194  s    3       java.util.jar.JarFile::getInputStream (88 bytes)
Event: 10.115 Thread 0x0000025dd0070a60 nmethod 1194 0x0000025d801fb390 code [0x0000025d801fb600, 0x0000025d801fbdd8]
Event: 14.140 Thread 0x0000025dd006e1b0 1195       4       sun.reflect.generics.parser.SignatureParser::advance (53 bytes)

GC Heap History (0 events):
No events

Dll operation events (11 events):
Event: 0.060 Loaded shared library C:\Program Files\Java\jdk-22\bin\java.dll
Event: 0.122 Loaded shared library C:\Program Files\Java\jdk-22\bin\jsvml.dll
Event: 1.374 Loaded shared library C:\Program Files\Java\jdk-22\bin\zip.dll
Event: 1.393 Loaded shared library C:\Program Files\Java\jdk-22\bin\instrument.dll
Event: 1.402 Loaded shared library C:\Program Files\Java\jdk-22\bin\net.dll
Event: 1.404 Loaded shared library C:\Program Files\Java\jdk-22\bin\nio.dll
Event: 1.407 Loaded shared library C:\Program Files\Java\jdk-22\bin\zip.dll
Event: 2.585 Loaded shared library C:\Program Files\Java\jdk-22\bin\extnet.dll
Event: 3.647 Loaded shared library C:\Program Files\Java\jdk-22\bin\jimage.dll
Event: 5.907 Loaded shared library C:\Program Files\Java\jdk-22\bin\management.dll
Event: 5.910 Loaded shared library C:\Program Files\Java\jdk-22\bin\management_ext.dll

Deoptimization events (20 events):
Event: 7.015 Thread 0x0000025dd0755f60 DEOPT PACKING pc=0x0000025d87b21f24 sp=0x000000c9ee5fe020
Event: 7.015 Thread 0x0000025dd0755f60 DEOPT UNPACKING pc=0x0000025d875846a2 sp=0x000000c9ee5fdf68 mode 2
Event: 7.029 Thread 0x0000025dd0755f60 DEOPT PACKING pc=0x0000025d8009731d sp=0x000000c9ee5fa500
Event: 7.029 Thread 0x0000025dd0755f60 DEOPT UNPACKING pc=0x0000025d87584e42 sp=0x000000c9ee5f9a08 mode 0
Event: 7.039 Thread 0x0000025dd0755f60 Uncommon trap: trap_request=0xffffffc6 fr.pc=0x0000025d87b2776c relative=0x0000000000000c0c
Event: 7.039 Thread 0x0000025dd0755f60 Uncommon trap: reason=bimorphic_or_optimized_type_check action=maybe_recompile pc=0x0000025d87b2776c method=java.util.HashMap.putVal(ILjava/lang/Object;Ljava/lang/Object;ZZ)Ljava/lang/Object; @ 56 c2
Event: 7.039 Thread 0x0000025dd0755f60 DEOPT PACKING pc=0x0000025d87b2776c sp=0x000000c9ee5fdc90
Event: 7.039 Thread 0x0000025dd0755f60 DEOPT UNPACKING pc=0x0000025d875846a2 sp=0x000000c9ee5fdbc0 mode 2
Event: 7.039 Thread 0x0000025dd0755f60 Uncommon trap: trap_request=0xffffffc6 fr.pc=0x0000025d87b2776c relative=0x0000000000000c0c
Event: 7.039 Thread 0x0000025dd0755f60 Uncommon trap: reason=bimorphic_or_optimized_type_check action=maybe_recompile pc=0x0000025d87b2776c method=java.util.HashMap.putVal(ILjava/lang/Object;Ljava/lang/Object;ZZ)Ljava/lang/Object; @ 56 c2
Event: 7.039 Thread 0x0000025dd0755f60 DEOPT PACKING pc=0x0000025d87b2776c sp=0x000000c9ee5fdc90
Event: 7.039 Thread 0x0000025dd0755f60 DEOPT UNPACKING pc=0x0000025d875846a2 sp=0x000000c9ee5fdbc0 mode 2
Event: 7.039 Thread 0x0000025dd0755f60 Uncommon trap: trap_request=0xffffffc6 fr.pc=0x0000025d87b2776c relative=0x0000000000000c0c
Event: 7.039 Thread 0x0000025dd0755f60 Uncommon trap: reason=bimorphic_or_optimized_type_check action=maybe_recompile pc=0x0000025d87b2776c method=java.util.HashMap.putVal(ILjava/lang/Object;Ljava/lang/Object;ZZ)Ljava/lang/Object; @ 56 c2
Event: 7.039 Thread 0x0000025dd0755f60 DEOPT PACKING pc=0x0000025d87b2776c sp=0x000000c9ee5fdc90
Event: 7.039 Thread 0x0000025dd0755f60 DEOPT UNPACKING pc=0x0000025d875846a2 sp=0x000000c9ee5fdbc0 mode 2
Event: 7.039 Thread 0x0000025dd0755f60 Uncommon trap: trap_request=0xffffffc6 fr.pc=0x0000025d87b2776c relative=0x0000000000000c0c
Event: 7.039 Thread 0x0000025dd0755f60 Uncommon trap: reason=bimorphic_or_optimized_type_check action=maybe_recompile pc=0x0000025d87b2776c method=java.util.HashMap.putVal(ILjava/lang/Object;Ljava/lang/Object;ZZ)Ljava/lang/Object; @ 56 c2
Event: 7.039 Thread 0x0000025dd0755f60 DEOPT PACKING pc=0x0000025d87b2776c sp=0x000000c9ee5fdc90
Event: 7.039 Thread 0x0000025dd0755f60 DEOPT UNPACKING pc=0x0000025d875846a2 sp=0x000000c9ee5fdbc0 mode 2

Classes loaded (20 events):
Event: 7.045 Loading class java/util/concurrent/CopyOnWriteArraySet
Event: 7.046 Loading class java/util/concurrent/CopyOnWriteArraySet done
Event: 7.049 Loading class java/util/concurrent/ConcurrentLinkedDeque
Event: 7.049 Loading class java/util/concurrent/ConcurrentLinkedDeque done
Event: 7.049 Loading class java/util/concurrent/ConcurrentLinkedDeque$Node
Event: 7.049 Loading class java/util/concurrent/ConcurrentLinkedDeque$Node done
Event: 7.052 Loading class sun/reflect/generics/tree/BottomSignature
Event: 7.052 Loading class sun/reflect/generics/tree/BottomSignature done
Event: 7.052 Loading class sun/reflect/generics/tree/Wildcard
Event: 7.052 Loading class sun/reflect/generics/tree/Wildcard done
Event: 7.052 Loading class sun/reflect/generics/reflectiveObjects/WildcardTypeImpl
Event: 7.052 Loading class sun/reflect/generics/reflectiveObjects/WildcardTypeImpl done
Event: 7.054 Loading class java/util/Currency
Event: 7.054 Loading class java/util/Currency done
Event: 7.055 Loading class java/util/UUID
Event: 7.055 Loading class java/util/UUID done
Event: 7.062 Loading class java/time/ZonedDateTime
Event: 7.062 Loading class java/time/chrono/ChronoZonedDateTime
Event: 7.063 Loading class java/time/chrono/ChronoZonedDateTime done
Event: 7.063 Loading class java/time/ZonedDateTime done

Classes unloaded (0 events):
No events

Classes redefined (0 events):
No events

Internal exceptions (19 events):
Event: 1.563 Thread 0x0000025deb224a00 Exception <a 'java/lang/NoSuchMethodError'{0x000000008b948650}: 'void java.lang.invoke.DirectMethodHandle$Holder.invokeStatic(java.lang.Object, java.lang.Object, java.lang.Object)'> (0x000000008b948650) 
thrown [s\open\src\hotspot\share\interpreter\linkResolver.cpp, line 774]
Event: 1.567 Thread 0x0000025deb224a00 Exception <a 'java/lang/NoSuchMethodError'{0x000000008b9600e8}: 'java.lang.Object java.lang.invoke.Invokers$Holder.invokeExact_MT(java.lang.Object, java.lang.Object, java.lang.Object, java.lang.Object, java.lang.Object)'> (0x000000008b9600e8) 
thrown [s\open\src\hotspot\share\interpreter\linkResolver.cpp, line 774]
Event: 2.587 Thread 0x0000025dd03d24f0 Exception <a 'java/lang/NoSuchMethodError'{0x000000008b9c1208}: 'void java.lang.invoke.DirectMethodHandle$Holder.invokeStatic(java.lang.Object, java.lang.Object)'> (0x000000008b9c1208) 
thrown [s\open\src\hotspot\share\interpreter\linkResolver.cpp, line 774]
Event: 5.699 Thread 0x0000025deb224a00 Exception <a 'java/lang/NoSuchMethodError'{0x000000008b614170}: 'java.lang.Object java.lang.invoke.DirectMethodHandle$Holder.invokeSpecial(java.lang.Object, java.lang.Object, java.lang.Object, long, java.lang.Object)'> (0x000000008b614170) 
thrown [s\open\src\hotspot\share\interpreter\linkResolver.cpp, line 774]
Event: 5.699 Thread 0x0000025deb224a00 Exception <a 'java/lang/NoSuchMethodError'{0x000000008b617ad0}: 'java.lang.Object java.lang.invoke.Invokers$Holder.linkToTargetMethod(java.lang.Object, long, java.lang.Object, java.lang.Object)'> (0x000000008b617ad0) 
thrown [s\open\src\hotspot\share\interpreter\linkResolver.cpp, line 774]
Event: 5.781 Thread 0x0000025deb224a00 Exception <a 'java/lang/NoSuchMethodError'{0x000000008b432e70}: 'void java.lang.invoke.DirectMethodHandle$Holder.invokeStatic(java.lang.Object, java.lang.Object, java.lang.Object, java.lang.Object)'> (0x000000008b432e70) 
thrown [s\open\src\hotspot\share\interpreter\linkResolver.cpp, line 774]
Event: 5.816 Thread 0x0000025deb224a00 Exception <a 'java/lang/NoSuchMethodError'{0x000000008b358ec0}: 'int java.lang.invoke.DirectMethodHandle$Holder.invokeStaticInit(java.lang.Object, java.lang.Object)'> (0x000000008b358ec0) 
thrown [s\open\src\hotspot\share\interpreter\linkResolver.cpp, line 774]
Event: 5.823 Thread 0x0000025deb224a00 Exception <a 'java/lang/NoSuchMethodError'{0x000000008b395238}: 'void java.lang.invoke.DirectMethodHandle$Holder.invokeInterface(java.lang.Object, java.lang.Object, java.lang.Object, java.lang.Object)'> (0x000000008b395238) 
thrown [s\open\src\hotspot\share\interpreter\linkResolver.cpp, line 774]
Event: 5.879 Thread 0x0000025deb224a00 Exception <a 'java/lang/NoSuchMethodError'{0x000000008b185910}: 'java.lang.Object java.lang.invoke.DirectMethodHandle$Holder.invokeInterface(java.lang.Object, java.lang.Object)'> (0x000000008b185910) 
thrown [s\open\src\hotspot\share\interpreter\linkResolver.cpp, line 774]
Event: 5.887 Thread 0x0000025deb224a00 Exception <a 'java/lang/NoSuchMethodError'{0x000000008b1d2128}: 'java.lang.Object java.lang.invoke.DirectMethodHandle$Holder.invokeSpecialIFC(java.lang.Object, java.lang.Object, java.lang.Object, java.lang.Object)'> (0x000000008b1d2128) 
thrown [s\open\src\hotspot\share\interpreter\linkResolver.cpp, line 774]
Event: 5.889 Thread 0x0000025deb224a00 Exception <a 'java/lang/NoSuchMethodError'{0x000000008b1f2f98}: 'java.lang.Object java.lang.invoke.DirectMethodHandle$Holder.invokeInterface(java.lang.Object, java.lang.Object, java.lang.Object)'> (0x000000008b1f2f98) 
thrown [s\open\src\hotspot\share\interpreter\linkResolver.cpp, line 774]
Event: 5.914 Thread 0x0000025deb224a00 Exception <a 'java/lang/NoSuchMethodError'{0x000000008af1ae18}: 'int java.lang.invoke.DirectMethodHandle$Holder.invokeSpecial(java.lang.Object, java.lang.Object, java.lang.Object)'> (0x000000008af1ae18) 
thrown [s\open\src\hotspot\share\interpreter\linkResolver.cpp, line 774]
Event: 6.982 Thread 0x0000025dd0755f60 Exception <a 'java/lang/NoSuchMethodError'{0x000000008ac82948}: 'void java.lang.invoke.DirectMethodHandle$Holder.invokeSpecial(java.lang.Object, java.lang.Object, java.lang.Object)'> (0x000000008ac82948) 
thrown [s\open\src\hotspot\share\interpreter\linkResolver.cpp, line 774]
Event: 6.996 Thread 0x0000025dd0755f60 Exception <a 'java/lang/NoSuchMethodError'{0x000000008ab5abe8}: 'int java.lang.invoke.DirectMethodHandle$Holder.invokeStaticInit(java.lang.Object, java.lang.Object, java.lang.Object)'> (0x000000008ab5abe8) 
thrown [s\open\src\hotspot\share\interpreter\linkResolver.cpp, line 774]
Event: 7.003 Thread 0x0000025dd0755f60 Exception <a 'java/lang/NoSuchMethodError'{0x000000008abb6868}: 'java.lang.Object java.lang.invoke.DirectMethodHandle$Holder.newInvokeSpecial(java.lang.Object, java.lang.Object, java.lang.Object, java.lang.Object, java.lang.Object)'> (0x000000008abb6868) 
thrown [s\open\src\hotspot\share\interpreter\linkResolver.cpp, line 774]
Event: 7.007 Thread 0x0000025dd0755f60 Exception <a 'java/lang/NoSuchMethodError'{0x000000008abf4f98}: 'java.lang.Object java.lang.invoke.DirectMethodHandle$Holder.invokeStaticInit(java.lang.Object, java.lang.Object, java.lang.Object)'> (0x000000008abf4f98) 
thrown [s\open\src\hotspot\share\interpreter\linkResolver.cpp, line 774]
Event: 7.020 Thread 0x0000025dd0755f60 Exception <a 'java/lang/IncompatibleClassChangeError'{0x000000008aa891b0}: Found class java.lang.Object, but interface was expected> (0x000000008aa891b0) 
thrown [s\open\src\hotspot\share\interpreter\linkResolver.cpp, line 841]
Event: 7.037 Thread 0x0000025dd0755f60 Exception <a 'sun/nio/fs/WindowsException'{0x000000008a931e20}> (0x000000008a931e20) 
thrown [s\open\src\hotspot\share\prims\jni.cpp, line 520]
Event: 7.060 Thread 0x0000025dd0755f60 Exception <a 'java/lang/NoSuchMethodError'{0x000000008a84e9d8}: 'java.lang.Object java.lang.invoke.Invokers$Holder.invokeExact_MT(java.lang.Object, java.lang.Object, java.lang.Object, java.lang.Object, java.lang.Object, java.lang.Object)'> (0x000000008a84e9d8) 
thrown [s\open\src\hotspot\share\interpreter\linkResolver.cpp, line 774]

ZGC Phase Switch (0 events):
No events

VM Operations (20 events):
Event: 2.593 Executing VM operation: HandshakeAllThreads (Deoptimize)
Event: 2.593 Executing VM operation: HandshakeAllThreads (Deoptimize) done
Event: 3.595 Executing VM operation: Cleanup
Event: 3.626 Executing VM operation: Cleanup done
Event: 3.649 Executing VM operation: HandshakeAllThreads (Deoptimize)
Event: 3.649 Executing VM operation: HandshakeAllThreads (Deoptimize) done
Event: 4.662 Executing VM operation: Cleanup
Event: 5.695 Executing VM operation: Cleanup done
Event: 5.877 Executing VM operation: HandshakeAllThreads (Deoptimize)
Event: 5.877 Executing VM operation: HandshakeAllThreads (Deoptimize) done
Event: 5.904 Executing VM operation: HandshakeAllThreads (Deoptimize)
Event: 5.904 Executing VM operation: HandshakeAllThreads (Deoptimize) done
Event: 6.910 Executing VM operation: Cleanup
Event: 6.957 Executing VM operation: Cleanup done
Event: 7.038 Executing VM operation: HandshakeAllThreads (Deoptimize)
Event: 7.038 Executing VM operation: HandshakeAllThreads (Deoptimize) done
Event: 8.044 Executing VM operation: Cleanup
Event: 10.114 Executing VM operation: Cleanup done
Event: 11.123 Executing VM operation: Cleanup
Event: 11.123 Executing VM operation: Cleanup done

Memory protections (0 events):
No events

Nmethod flushes (0 events):
No events

Events (17 events):
Event: 0.090 Thread 0x0000025deb224a00 Thread added: 0x0000025deb224a00
Event: 0.118 Thread 0x0000025deb224a00 Thread added: 0x0000025dd002b1d0
Event: 0.118 Thread 0x0000025deb224a00 Thread added: 0x0000025dd002dc40
Event: 0.118 Thread 0x0000025deb224a00 Thread added: 0x0000025dd00312d0
Event: 0.118 Thread 0x0000025deb224a00 Thread added: 0x0000025dd0031fb0
Event: 0.119 Thread 0x0000025deb224a00 Thread added: 0x0000025dd0033a20
Event: 0.119 Thread 0x0000025deb224a00 Thread added: 0x0000025dd00405d0
Event: 0.119 Thread 0x0000025deb224a00 Thread added: 0x0000025dd006e1b0
Event: 0.119 Thread 0x0000025deb224a00 Thread added: 0x0000025dd0070a60
Event: 0.339 Thread 0x0000025deb224a00 Thread added: 0x0000025dd015a820
Event: 1.360 Thread 0x0000025dd0070a60 Thread added: 0x0000025dd0071130
Event: 2.575 Thread 0x0000025deb224a00 Thread added: 0x0000025dd03d24f0
Event: 2.576 Thread 0x0000025deb224a00 Thread added: 0x0000025dd03fdb60
Event: 2.577 Thread 0x0000025dd0071130 Thread exited: 0x0000025dd0071130
Event: 5.724 Thread 0x0000025dd0070a60 Thread added: 0x0000025dd0071130
Event: 6.975 Thread 0x0000025deb224a00 Thread added: 0x0000025dd0ae9720
Event: 6.979 Thread 0x0000025dd0ae9720 Thread added: 0x0000025dd0755f60


Dynamic libraries:
0x00007ff6bfc10000 - 0x00007ff6bfc20000 	C:\Program Files\Java\jdk-22\bin\java.exe
0x00007ffad3dc0000 - 0x00007ffad4025000 	C:\WINDOWS\SYSTEM32\ntdll.dll
0x00007ffad2c10000 - 0x00007ffad2cd9000 	C:\WINDOWS\System32\KERNEL32.DLL
0x00007ffad11d0000 - 0x00007ffad15b8000 	C:\WINDOWS\System32\KERNELBASE.dll
0x00007ffad1700000 - 0x00007ffad184b000 	C:\WINDOWS\System32\ucrtbase.dll
0x00007ffacba90000 - 0x00007ffacbaa7000 	C:\Program Files\Java\jdk-22\bin\jli.dll
0x00007ffacb870000 - 0x00007ffacb88b000 	C:\Program Files\Java\jdk-22\bin\VCRUNTIME140.dll
0x00007ffad37c0000 - 0x00007ffad398a000 	C:\WINDOWS\System32\USER32.dll
0x00007ffad1a90000 - 0x00007ffad1ab7000 	C:\WINDOWS\System32\win32u.dll
0x00007ffad3b70000 - 0x00007ffad3b9b000 	C:\WINDOWS\System32\GDI32.dll
0x00007ffab0600000 - 0x00007ffab089a000 	C:\WINDOWS\WinSxS\amd64_microsoft.windows.common-controls_6595b64144ccf1df_6.0.26100.4202_none_3e0698d4e335f517\COMCTL32.dll
0x00007ffad15c0000 - 0x00007ffad16f7000 	C:\WINDOWS\System32\gdi32full.dll
0x00007ffad1ce0000 - 0x00007ffad1d89000 	C:\WINDOWS\System32\msvcrt.dll
0x00007ffad0fa0000 - 0x00007ffad1043000 	C:\WINDOWS\System32\msvcp_win.dll
0x00007ffad1b90000 - 0x00007ffad1bc0000 	C:\WINDOWS\System32\IMM32.DLL
0x00007ffabfbd0000 - 0x00007ffabfbdc000 	C:\Program Files\Java\jdk-22\bin\vcruntime140_1.dll
0x00007ffa9cd60000 - 0x00007ffa9cdee000 	C:\Program Files\Java\jdk-22\bin\msvcp140.dll
0x00007ffa58e60000 - 0x00007ffa59ba9000 	C:\Program Files\Java\jdk-22\bin\server\jvm.dll
0x00007ffad3ba0000 - 0x00007ffad3c53000 	C:\WINDOWS\System32\ADVAPI32.dll
0x00007ffad2880000 - 0x00007ffad2926000 	C:\WINDOWS\System32\sechost.dll
0x00007ffad3c60000 - 0x00007ffad3d75000 	C:\WINDOWS\System32\RPCRT4.dll
0x00007ffad3740000 - 0x00007ffad37b4000 	C:\WINDOWS\System32\WS2_32.dll
0x00007ffad0d60000 - 0x00007ffad0dbe000 	C:\WINDOWS\SYSTEM32\POWRPROF.dll
0x00007ffac5330000 - 0x00007ffac5365000 	C:\WINDOWS\SYSTEM32\WINMM.dll
0x00007ffac5100000 - 0x00007ffac510b000 	C:\WINDOWS\SYSTEM32\VERSION.dll
0x00007ffad0d40000 - 0x00007ffad0d54000 	C:\WINDOWS\SYSTEM32\UMPDC.dll
0x00007ffacfcd0000 - 0x00007ffacfceb000 	C:\WINDOWS\SYSTEM32\kernel.appcore.dll
0x00007ffabfbc0000 - 0x00007ffabfbca000 	C:\Program Files\Java\jdk-22\bin\jimage.dll
0x00007fface110000 - 0x00007fface351000 	C:\WINDOWS\SYSTEM32\DBGHELP.DLL
0x00007ffad1d90000 - 0x00007ffad2115000 	C:\WINDOWS\System32\combase.dll
0x00007ffad3610000 - 0x00007ffad36f1000 	C:\WINDOWS\System32\OLEAUT32.dll
0x00007ffaaa8b0000 - 0x00007ffaaa8e9000 	C:\WINDOWS\SYSTEM32\dbgcore.DLL
0x00007ffad1ac0000 - 0x00007ffad1b59000 	C:\WINDOWS\System32\bcryptPrimitives.dll
0x00007ffabfbe0000 - 0x00007ffabfbef000 	C:\Program Files\Java\jdk-22\bin\instrument.dll
0x00007ffabc7b0000 - 0x00007ffabc7ce000 	C:\Program Files\Java\jdk-22\bin\java.dll
0x00007ffad2120000 - 0x00007ffad2862000 	C:\WINDOWS\System32\SHELL32.dll
0x00007ffad1910000 - 0x00007ffad1a84000 	C:\WINDOWS\System32\wintypes.dll
0x00007ffad3460000 - 0x00007ffad35fe000 	C:\WINDOWS\System32\ole32.dll
0x00007ffaceb90000 - 0x00007ffacf3e7000 	C:\WINDOWS\SYSTEM32\windows.storage.dll
0x00007ffad2930000 - 0x00007ffad2a21000 	C:\WINDOWS\System32\SHCORE.dll
0x00007ffad1bd0000 - 0x00007ffad1c3a000 	C:\WINDOWS\System32\shlwapi.dll
0x00007ffad0e20000 - 0x00007ffad0e4f000 	C:\WINDOWS\SYSTEM32\profapi.dll
0x00007ffa995c0000 - 0x00007ffa99697000 	C:\Program Files\Java\jdk-22\bin\jsvml.dll
0x00007ffaa6390000 - 0x00007ffaa63a7000 	C:\Program Files\Java\jdk-22\bin\zip.dll
0x00007ffabe940000 - 0x00007ffabe950000 	C:\Program Files\Java\jdk-22\bin\net.dll
0x00007ffad0240000 - 0x00007ffad02aa000 	C:\WINDOWS\system32\mswsock.dll
0x00007ffabc790000 - 0x00007ffabc7a6000 	C:\Program Files\Java\jdk-22\bin\nio.dll
0x00007ffabc780000 - 0x00007ffabc789000 	C:\Program Files\Java\jdk-22\bin\extnet.dll
0x00007ffaba7f0000 - 0x00007ffaba7fa000 	C:\Program Files\Java\jdk-22\bin\management.dll
0x00007ffaba430000 - 0x00007ffaba43b000 	C:\Program Files\Java\jdk-22\bin\management_ext.dll
0x00007ffad2870000 - 0x00007ffad2878000 	C:\WINDOWS\System32\PSAPI.DLL

dbghelp: loaded successfully - version: 4.0.5 - missing functions: none
symbol engine: initialized successfully - sym options: 0x614 - pdb path: .;C:\Program Files\Java\jdk-22\bin;C:\WINDOWS\SYSTEM32;C:\WINDOWS\WinSxS\amd64_microsoft.windows.common-controls_6595b64144ccf1df_6.0.26100.4202_none_3e0698d4e335f517;C:\Program Files\Java\jdk-22\bin\server

VM Arguments:
jvm_args: -javaagent:C:\Program Files\JetBrains\IntelliJ IDEA Community Edition 2024.3.5\lib\idea_rt.jar=59655 -Dfile.encoding=UTF-8 -Dsun.stdout.encoding=UTF-8 -Dsun.stderr.encoding=UTF-8 
java_command: com.reciclatech.RegistroSaida.RegistroSaidaApplication
java_class_path (initial): C:\Projetos\ReciclaTech\Back-End_ReciclaTech\Registro de Saida\target\classes;C:\Users\Júllio\.m2\repository\org\springframework\boot\spring-boot-starter-data-jpa\3.4.4\spring-boot-starter-data-jpa-3.4.4.jar;C:\Users\Júllio\.m2\repository\org\springframework\boot\spring-boot-starter\3.4.4\spring-boot-starter-3.4.4.jar;C:\Users\Júllio\.m2\repository\org\springframework\boot\spring-boot-starter-logging\3.4.4\spring-boot-starter-logging-3.4.4.jar;C:\Users\Júllio\.m2\repository\ch\qos\logback\logback-classic\1.5.18\logback-classic-1.5.18.jar;C:\Users\Júllio\.m2\repository\ch\qos\logback\logback-core\1.5.18\logback-core-1.5.18.jar;C:\Users\Júllio\.m2\repository\org\apache\logging\log4j\log4j-to-slf4j\2.24.3\log4j-to-slf4j-2.24.3.jar;C:\Users\Júllio\.m2\repository\org\apache\logging\log4j\log4j-api\2.24.3\log4j-api-2.24.3.jar;C:\Users\Júllio\.m2\repository\org\slf4j\jul-to-slf4j\2.0.17\jul-to-slf4j-2.0.17.jar;C:\Users\Júllio\.m2\repository\jakarta\annotation\jakarta.annotation-api\2.1.1\jakarta.annotation-api-2.1.1.jar;C:\Users\Júllio\.m2\repository\org\yaml\snakeyaml\2.3\snakeyaml-2.3.jar;C:\Users\Júllio\.m2\repository\org\springframework\boot\spring-boot-starter-jdbc\3.4.4\spring-boot-starter-jdbc-3.4.4.jar;C:\Users\Júllio\.m2\repository\com\zaxxer\HikariCP\5.1.0\HikariCP-5.1.0.jar;C:\Users\Júllio\.m2\repository\org\springframework\spring-jdbc\6.2.5\spring-jdbc-6.2.5.jar;C:\Users\Júllio\.m2\repository\org\hibernate\orm\hibernate-core\6.6.11.Final\hibernate-core-6.6.11.Final.jar;C:\Users\Júllio\.m2\repository\jakarta\persistence\jakarta.persistence-api\3.1.0\jakarta.persistence-api-3.1.0.jar;C:\Users\Júllio\.m2\repository\jakarta\transaction\jakarta.transaction-api\2.0.1\jakarta.transaction-api-2.0.1.jar;C:\Users\Júllio\.m2\repository\org\jboss\logging\jboss-logging\3.6.1.Final\jboss-logging-3.6.1.Final.jar;C:\Users\Júllio\.m2\repository\org\hibernate\common\hibernate-commons-annotations\7.0.3.Final\hibernate-commons-annotations-7.0.3.Final.jar;C:\Users\Júllio\.m2\repository\io\smallrye\jandex\3.2.0\jandex-3.2.0.jar;C:\Users\Júllio\.m2\repository\com\fasterxml\classmate\1.7.0\classmate-1.7.0.jar;C:\Users\Júllio\.m2\repository\net\bytebuddy\byte-buddy\1.15.11\byte-buddy-1.15.11.jar;C:\Users\Júllio\.m2\repository\org\glassfish\jaxb\jaxb-runtime\4.0.5\jaxb-runtime-4.0.5.jar;C:\Users\Júllio\.m2\repository\org\glassfish\jaxb\jaxb-core\4.0.5\jaxb-core-4.0.5.jar;C:\Users\Júllio\.m2\repository\org\eclipse\angus\angus-activation\2.0.2\angus-activation-2.0.2.jar;C:\Users\Júllio\.m2\repository\org\glassfish\jaxb\txw2\4.0.5\txw2-4.0.5.jar;C:\Users\Júllio\.m2\repository\com\sun\istack\istack-commons-runtime\4.1.2\istack-commons-runtime-4.1.2.jar;C:\Users\Júllio\.m2\repository\jakarta\inject\jakarta.inject-api\2.0.1\jakarta.inject-api-2.0.1.jar;C:\Users\Júllio\.m2\repository\org\antlr\antlr4-runtime\4.13.0\antlr4-runtime-4.13.0.jar;C:\Users\Júllio\.m2\repository\org\springframework\data\spring-data-jpa\3.4.4\spring-data-jpa-3.4.4.jar;C:\Users\Júllio\.m2\repository\org\springframework\data\spring-data-commons\3.4.4\spring-data-commons-3.4.4.jar;C:\Users\Júllio\.m2\repository\org\springframework\spring-orm\6.2.5\spring-orm-6.2.5.jar;C:\Users\Júllio\.m2\repository\org\springframework\spring-context\6.2.5\spring-context-6.2.5.jar;C:\Users\Júllio\.m2\repository\org\springframework\spring-aop\6.2.5\spring-aop-6.2.5.jar;C:\Users\Júllio\.m2\repository\org\springframework\spring-tx\6.2.5\spring-tx-6.2.5.jar;C:\Users\Júllio\.m2\repository\org\springframework\spring-beans\6.2.5\spring-beans-6.2.5.jar;C:\Users\Júllio\.m2\repository\org\slf4j\slf4j-api\2.0.17\slf4j-api-2.0.17.jar;C:\Users\Júllio\.m2\repository\org\springframework\spring-aspects\6.2.5\spring-aspects-6.2.5.jar;C:\Users\Júllio\.m2\repository\org\aspectj\aspectjweaver\1.9.23\aspectjweaver-1.9.23.jar;C:\Users\Júllio\.m2\repository\org\springframework\boot\spring-boot-starter-web\3.4.4\spring-boot-starter-web-3.4.4.jar;C:\Users\Júllio\.m2\repository\org\springframework\boot\spring-boot-starter-json\3.4.4\spring-boot-starter-json-3.4.4.jar;C:\Users\Júllio\.m2\repository\com\fasterxml\jackson\core\jackson-databind\2.18.3\jackson-databind-2.18.3.jar;C:\Users\Júllio\.m2\repository\com\fasterxml\jackson\core\jackson-annotations\2.18.3\jackson-annotations-2.18.3.jar;C:\Users\Júllio\.m2\repository\com\fasterxml\jackson\core\jackson-core\2.18.3\jackson-core-2.18.3.jar;C:\Users\Júllio\.m2\repository\com\fasterxml\jackson\datatype\jackson-datatype-jdk8\2.18.3\jackson-datatype-jdk8-2.18.3.jar;C:\Users\Júllio\.m2\repository\com\fasterxml\jackson\datatype\jackson-datatype-jsr310\2.18.3\jackson-datatype-jsr310-2.18.3.jar;C:\Users\Júllio\.m2\repository\com\fasterxml\jackson\module\jackson-module-parameter-names\2.18.3\jackson-module-parameter-names-2.18.3.jar;C:\Users\Júllio\.m2\repository\org\springframework\boot\spring-boot-starter-tomcat\3.4.4\spring-boot-starter-tomcat-3.4.4.jar;C:\Users\Júllio\.m2\repository\org\apache\tomcat\embed\tomcat-embed-core\10.1.39\tomcat-embed-core-10.1.39.jar;C:\Users\Júllio\.m2\repository\org\apache\tomcat\embed\tomcat-embed-el\10.1.39\tomcat-embed-el-10.1.39.jar;C:\Users\Júllio\.m2\repository\org\apache\tomcat\embed\tomcat-embed-websocket\10.1.39\tomcat-embed-websocket-10.1.39.jar;C:\Users\Júllio\.m2\repository\org\springframework\spring-web\6.2.5\spring-web-6.2.5.jar;C:\Users\Júllio\.m2\repository\io\micrometer\micrometer-observation\1.14.5\micrometer-observation-1.14.5.jar;C:\Users\Júllio\.m2\repository\io\micrometer\micrometer-commons\1.14.5\micrometer-commons-1.14.5.jar;C:\Users\Júllio\.m2\repository\org\springframework\spring-webmvc\6.2.5\spring-webmvc-6.2.5.jar;C:\Users\Júllio\.m2\repository\org\springframework\spring-expression\6.2.5\spring-expression-6.2.5.jar;C:\Users\Júllio\.m2\repository\org\springframework\boot\spring-boot-devtools\3.4.4\spring-boot-devtools-3.4.4.jar;C:\Users\Júllio\.m2\repository\org\springframework\boot\spring-boot\3.4.4\spring-boot-3.4.4.jar;C:\Users\Júllio\.m2\repository\org\springframework\boot\spring-boot-autoconfigure\3.4.4\spring-boot-autoconfigure-3.4.4.jar;C:\Users\Júllio\.m2\repository\com\mysql\mysql-connector-j\8.4.0\mysql-connector-j-8.4.0.jar;C:\Users\Júllio\.m2\repository\org\projectlombok\lombok\1.18.36\lombok-1.18.36.jar;C:\Users\Júllio\.m2\repository\jakarta\xml\bind\jakarta.xml.bind-api\4.0.2\jakarta.xml.bind-api-4.0.2.jar;C:\Users\Júllio\.m2\repository\jakarta\activation\jakarta.activation-api\2.1.3\jakarta.activation-api-2.1.3.jar;C:\Users\Júllio\.m2\repository\org\springframework\spring-core\6.2.5\spring-core-6.2.5.jar;C:\Users\Júllio\.m2\repository\org\springframework\spring-jcl\6.2.5\spring-jcl-6.2.5.jar
Launcher Type: SUN_STANDARD

[Global flags]
     intx CICompilerCount                          = 4                                         {product} {ergonomic}
     uint ConcGCThreads                            = 3                                         {product} {ergonomic}
     uint G1ConcRefinementThreads                  = 10                                        {product} {ergonomic}
   size_t G1HeapRegionSize                         = 1048576                                   {product} {ergonomic}
   size_t InitialHeapSize                          = 130023424                                 {product} {ergonomic}
   size_t MarkStackSize                            = 4194304                                   {product} {ergonomic}
   size_t MaxHeapSize                              = 2076180480                                {product} {ergonomic}
   size_t MaxNewSize                               = 1245708288                                {product} {ergonomic}
   size_t MinHeapDeltaBytes                        = 1048576                                   {product} {ergonomic}
   size_t MinHeapSize                              = 8388608                                   {product} {ergonomic}
    uintx NonNMethodCodeHeapSize                   = 5839372                                {pd product} {ergonomic}
    uintx NonProfiledCodeHeapSize                  = 122909434                              {pd product} {ergonomic}
    uintx ProfiledCodeHeapSize                     = 122909434                              {pd product} {ergonomic}
    uintx ReservedCodeCacheSize                    = 251658240                              {pd product} {ergonomic}
     bool SegmentedCodeCache                       = true                                      {product} {ergonomic}
   size_t SoftMaxHeapSize                          = 2076180480                             {manageable} {ergonomic}
     bool UseCompressedOops                        = true                           {product lp64_product} {ergonomic}
     bool UseG1GC                                  = true                                      {product} {ergonomic}
     bool UseLargePagesIndividualAllocation        = false                                  {pd product} {ergonomic}

Logging:
Log output configuration:
 #0: stdout all=warning uptime,level,tags foldmultilines=false
 #1: stderr all=off uptime,level,tags foldmultilines=false

Environment Variables:
PATH=C:\Program Files\Common Files\Oracle\Java\javapath;C:\WINDOWS\system32;C:\WINDOWS;C:\WINDOWS\System32\Wbem;C:\WINDOWS\System32\WindowsPowerShell\v1.0\;C:\WINDOWS\System32\OpenSSH\;C:\Program Files\dotnet\;C:\Program Files (x86)\Windows Kits\10\Windows Performance Toolkit\;C:\Program Files\Microsoft SQL Server\150\Tools\Binn\;C:\Program Files\Microsoft SQL Server\Client SDK\ODBC\170\Tools\Binn\;C:\Program Files\nodejs\;C:\Program Files\Git\cmd;C:\Maven\apache-maven-3.9.9\bin;C:\Program Files (x86)\Microsoft SQL Server\160\DTS\Binn\;C:\Users\Júllio\AppData\Local\Microsoft\WindowsApps;C:\Users\Júllio\AppData\Local\Programs\Microsoft VS Code\bin;C:\Users\Júllio\AppData\Roaming\npm;C:\Users\Júllio\AppData\Local\GitHubDesktop\bin;C:\Users\Júllio\AppData\Local\Programs\Git\cmd;C:\Users\Júllio\.dotnet\tools;
USERNAME=Júllio
OS=Windows_NT
PROCESSOR_IDENTIFIER=Intel64 Family 6 Model 154 Stepping 4, GenuineIntel
TMP=C:\Users\JLLIO~1\AppData\Local\Temp
TEMP=C:\Users\JLLIO~1\AppData\Local\Temp




Periodic native trim disabled

---------------  S Y S T E M  ---------------

OS:
 Windows 11 , 64 bit Build 26100 (10.0.26100.4202)
OS uptime: 0 days 8:15 hours

CPU: total 12 (initial active 12) (6 cores per cpu, 2 threads per core) family 6 model 154 stepping 4 microcode 0x424, cx8, cmov, fxsr, ht, mmx, 3dnowpref, sse, sse2, sse3, ssse3, sse4.1, sse4.2, popcnt, lzcnt, tsc, tscinvbit, avx, avx2, aes, erms, clmul, bmi1, bmi2, adx, sha, fma, vzeroupper, clflush, clflushopt, clwb, serialize, rdtscp, rdpid, fsrm, f16c, pku, cet_ibt, cet_ss
Processor Information for processor 0
  Max Mhz: 1300, Current Mhz: 1300, Mhz Limit: 1300
Processor Information for processor 1
  Max Mhz: 1300, Current Mhz: 1300, Mhz Limit: 1300
Processor Information for processor 2
  Max Mhz: 1300, Current Mhz: 1300, Mhz Limit: 1300
Processor Information for processor 3
  Max Mhz: 1300, Current Mhz: 1300, Mhz Limit: 1300
Processor Information for processor 4
  Max Mhz: 900, Current Mhz: 900, Mhz Limit: 900
Processor Information for processor 5
  Max Mhz: 900, Current Mhz: 900, Mhz Limit: 900
Processor Information for processor 6
  Max Mhz: 900, Current Mhz: 900, Mhz Limit: 900
Processor Information for processor 7
  Max Mhz: 900, Current Mhz: 900, Mhz Limit: 900
Processor Information for processor 8
  Max Mhz: 900, Current Mhz: 900, Mhz Limit: 900
Processor Information for processor 9
  Max Mhz: 900, Current Mhz: 900, Mhz Limit: 900
Processor Information for processor 10
  Max Mhz: 900, Current Mhz: 900, Mhz Limit: 900
Processor Information for processor 11
  Max Mhz: 900, Current Mhz: 900, Mhz Limit: 900

Memory: 4k page, system-wide physical 7916M (535M free)
TotalPageFile size 23747M (AvailPageFile size 0M)
current process WorkingSet (physical memory assigned to process): 85M, peak: 85M
current process commit charge ("private bytes"): 225M, peak: 227M

vm_info: Java HotSpot(TM) 64-Bit Server VM (22.0.2+9-70) for windows-amd64 JRE (22.0.2+9-70), built on 2024-06-04T16:52:23Z by "mach5one" with MS VC++ 17.6 (VS2022)

END.
