#
# There is insufficient memory for the Java Runtime Environment to continue.
# Native memory allocation (malloc) failed to allocate 1685296 bytes. Error detail: Chunk::new
# Possible reasons:
#   The system is out of physical RAM or swap space
#   This process is running with CompressedOops enabled, and the Java Heap may be blocking the growth of the native heap
# Possible solutions:
#   Reduce memory load on the system
#   Increase physical memory or swap space
#   Check if swap backing store is full
#   Decrease Java heap size (-Xmx/-Xms)
#   Decrease number of Java threads
#   Decrease Java thread stack sizes (-Xss)
#   Set larger code cache with -XX:ReservedCodeCacheSize=
#   JVM is running with Unscaled Compressed Oops mode in which the Java heap is
#     placed in the first 4GB address space. The Java Heap base address is the
#     maximum limit for the native heap growth. Please use -XX:HeapBaseMinAddress
#     to set the Java Heap base and to place the Java Heap above 4GB virtual address.
# This output file may be truncated or incomplete.
#
#  Out of Memory Error (arena.cpp:150), pid=10020, tid=11740
#
# JRE version: Java(TM) SE Runtime Environment (22.0.2+9) (build 22.0.2+9-70)
# Java VM: Java HotSpot(TM) 64-Bit Server VM (22.0.2+9-70, mixed mode, sharing, tiered, compressed oops, compressed class ptrs, g1 gc, windows-amd64)
# No core dump will be written. Minidumps are not enabled by default on client versions of Windows
#

---------------  S U M M A R Y ------------

Command Line: -javaagent:C:\Program Files\JetBrains\IntelliJ IDEA Community Edition 2024.3.5\lib\idea_rt.jar=59406 -Dfile.encoding=UTF-8 -Dsun.stdout.encoding=UTF-8 -Dsun.stderr.encoding=UTF-8 com.reciclatech.RegistroSaida.RegistroSaidaApplication

Host: 12th Gen Intel(R) Core(TM) i5-1235U, 12 cores, 7G,  Windows 11 , 64 bit Build 26100 (10.0.26100.4202)
Time: Mon Jun  2 15:36:12 2025 Hora Padrão de Buenos Aires elapsed time: 13.156702 seconds (0d 0h 0m 13s)

---------------  T H R E A D  ---------------

Current thread (0x000002b3678debf0):  JavaThread "C2 CompilerThread2" daemon [_thread_in_native, id=11740, stack(0x000000d1ce400000,0x000000d1ce500000) (1024K)]


Current CompileTask:
C2:13156 5444   !   4       org.springframework.util.ReflectionUtils::doWithMethods (189 bytes)

Stack: [0x000000d1ce400000,0x000000d1ce500000]
Native frames: (J=compiled Java code, j=interpreted, Vv=VM code, C=native code)
V  [jvm.dll+0x6e26e9]  (no source info available)
V  [jvm.dll+0x875753]  (no source info available)
V  [jvm.dll+0x877b7e]  (no source info available)
V  [jvm.dll+0x878253]  (no source info available)
V  [jvm.dll+0x27fc86]  (no source info available)
V  [jvm.dll+0xc3d0f]  (no source info available)
V  [jvm.dll+0xc3f6b]  (no source info available)
V  [jvm.dll+0x3bb442]  (no source info available)
V  [jvm.dll+0x387d4b]  (no source info available)
V  [jvm.dll+0x3871ba]  (no source info available)
V  [jvm.dll+0x2477f8]  (no source info available)
V  [jvm.dll+0x246e9f]  (no source info available)
V  [jvm.dll+0x1c4e80]  (no source info available)
V  [jvm.dll+0x2568f3]  (no source info available)
V  [jvm.dll+0x254baa]  (no source info available)
V  [jvm.dll+0x3f57a6]  (no source info available)
V  [jvm.dll+0x81dc0b]  (no source info available)
V  [jvm.dll+0x6e0d85]  (no source info available)
C  [ucrtbase.dll+0x37b0]  (no source info available)
C  [KERNEL32.DLL+0x2e8d7]  (no source info available)
C  [ntdll.dll+0x3c34c]  (no source info available)


---------------  P R O C E S S  ---------------

Threads class SMR info:
_java_thread_list=0x000002b364c789c0, length=22, elements={
0x000002b37f08dde0, 0x000002b31dd91740, 0x000002b31dd921a0, 0x000002b31dd95620,
0x000002b31dd96510, 0x000002b31dd97f80, 0x000002b31dd9c9f0, 0x000002b31dd9d780,
0x000002b3630200a0, 0x000002b3630e7e50, 0x000002b36340a5d0, 0x000002b36340ae50,
0x000002b363656d30, 0x000002b3636566a0, 0x000002b363658770, 0x000002b363659b20,
0x000002b365384990, 0x000002b365382f50, 0x000002b365383c70, 0x000002b3653856b0,
0x000002b3661db7f0, 0x000002b3678debf0
}

Java Threads: ( => current thread )
  0x000002b37f08dde0 JavaThread "main"                              [_thread_blocked, id=3684, stack(0x000000d1cbe00000,0x000000d1cbf00000) (1024K)]
  0x000002b31dd91740 JavaThread "Reference Handler"          daemon [_thread_blocked, id=19892, stack(0x000000d1cc600000,0x000000d1cc700000) (1024K)]
  0x000002b31dd921a0 JavaThread "Finalizer"                  daemon [_thread_blocked, id=20724, stack(0x000000d1cc700000,0x000000d1cc800000) (1024K)]
  0x000002b31dd95620 JavaThread "Signal Dispatcher"          daemon [_thread_blocked, id=15788, stack(0x000000d1cc800000,0x000000d1cc900000) (1024K)]
  0x000002b31dd96510 JavaThread "Attach Listener"            daemon [_thread_blocked, id=3660, stack(0x000000d1cc900000,0x000000d1cca00000) (1024K)]
  0x000002b31dd97f80 JavaThread "Service Thread"             daemon [_thread_blocked, id=17720, stack(0x000000d1cca00000,0x000000d1ccb00000) (1024K)]
  0x000002b31dd9c9f0 JavaThread "Monitor Deflation Thread"   daemon [_thread_blocked, id=16704, stack(0x000000d1ccb00000,0x000000d1ccc00000) (1024K)]
  0x000002b31dd9d780 JavaThread "C2 CompilerThread0"         daemon [_thread_in_native, id=14924, stack(0x000000d1ccc00000,0x000000d1ccd00000) (1024K)]
  0x000002b3630200a0 JavaThread "C1 CompilerThread0"         daemon [_thread_blocked, id=21372, stack(0x000000d1ccd00000,0x000000d1cce00000) (1024K)]
  0x000002b3630e7e50 JavaThread "Common-Cleaner"             daemon [_thread_blocked, id=2836, stack(0x000000d1cce00000,0x000000d1ccf00000) (1024K)]
  0x000002b36340a5d0 JavaThread "Monitor Ctrl-Break"         daemon [_thread_in_native, id=8752, stack(0x000000d1cd000000,0x000000d1cd100000) (1024K)]
  0x000002b36340ae50 JavaThread "Notification Thread"        daemon [_thread_blocked, id=3020, stack(0x000000d1cd100000,0x000000d1cd200000) (1024K)]
  0x000002b363656d30 JavaThread "Thread-0"                          [_thread_blocked, id=7964, stack(0x000000d1cd200000,0x000000d1cd300000) (1024K)]
  0x000002b3636566a0 JavaThread "restartedMain"                     [_thread_in_Java, id=22500, stack(0x000000d1cd300000,0x000000d1cd400000) (1024K)]
  0x000002b363658770 JavaThread "Catalina-utility-1"                [_thread_blocked, id=7204, stack(0x000000d1ce000000,0x000000d1ce100000) (1024K)]
  0x000002b363659b20 JavaThread "Catalina-utility-2"                [_thread_blocked, id=2916, stack(0x000000d1ce100000,0x000000d1ce200000) (1024K)]
  0x000002b365384990 JavaThread "container-0"                       [_thread_blocked, id=5052, stack(0x000000d1ce200000,0x000000d1ce300000) (1024K)]
  0x000002b365382f50 JavaThread "mysql-cj-abandoned-connection-cleanup" daemon [_thread_blocked, id=17356, stack(0x000000d1ce300000,0x000000d1ce400000) (1024K)]
  0x000002b365383c70 JavaThread "HikariPool-1 housekeeper"   daemon [_thread_blocked, id=8664, stack(0x000000d1ce500000,0x000000d1ce600000) (1024K)]
  0x000002b3653856b0 JavaThread "HikariPool-1 connection adder" daemon [_thread_blocked, id=16132, stack(0x000000d1ce600000,0x000000d1ce700000) (1024K)]
  0x000002b3661db7f0 JavaThread "C2 CompilerThread1"         daemon [_thread_in_native, id=7628, stack(0x000000d1cda00000,0x000000d1cdb00000) (1024K)]
=>0x000002b3678debf0 JavaThread "C2 CompilerThread2"         daemon [_thread_in_native, id=11740, stack(0x000000d1ce400000,0x000000d1ce500000) (1024K)]
Total: 22

Other Threads:
  0x000002b31dd75210 VMThread "VM Thread"                           [id=3696, stack(0x000000d1cc500000,0x000000d1cc600000) (1024K)]
  0x000002b31dd596a0 WatcherThread "VM Periodic Task Thread"        [id=16860, stack(0x000000d1cc400000,0x000000d1cc500000) (1024K)]
  0x000002b37f72b3f0 WorkerThread "GC Thread#0"                     [id=21812, stack(0x000000d1cbf00000,0x000000d1cc000000) (1024K)]
  0x000002b363caac20 WorkerThread "GC Thread#1"                     [id=6004, stack(0x000000d1cd400000,0x000000d1cd500000) (1024K)]
  0x000002b363cab3e0 WorkerThread "GC Thread#2"                     [id=16580, stack(0x000000d1cd500000,0x000000d1cd600000) (1024K)]
  0x000002b363e87b20 WorkerThread "GC Thread#3"                     [id=16980, stack(0x000000d1cd600000,0x000000d1cd700000) (1024K)]
  0x000002b363e87ed0 WorkerThread "GC Thread#4"                     [id=21444, stack(0x000000d1cd700000,0x000000d1cd800000) (1024K)]
  0x000002b363e88280 WorkerThread "GC Thread#5"                     [id=19088, stack(0x000000d1cd800000,0x000000d1cd900000) (1024K)]
  0x000002b364063770 WorkerThread "GC Thread#6"                     [id=17868, stack(0x000000d1cdb00000,0x000000d1cdc00000) (1024K)]
  0x000002b36401f540 WorkerThread "GC Thread#7"                     [id=13848, stack(0x000000d1cdc00000,0x000000d1cdd00000) (1024K)]
  0x000002b364393a20 WorkerThread "GC Thread#8"                     [id=20560, stack(0x000000d1cdd00000,0x000000d1cde00000) (1024K)]
  0x000002b364393dd0 WorkerThread "GC Thread#9"                     [id=16848, stack(0x000000d1cde00000,0x000000d1cdf00000) (1024K)]
  0x000002b37f758ca0 ConcurrentGCThread "G1 Main Marker"            [id=17608, stack(0x000000d1cc000000,0x000000d1cc100000) (1024K)]
  0x000002b37f759f50 WorkerThread "G1 Conc#0"                       [id=13728, stack(0x000000d1cc100000,0x000000d1cc200000) (1024K)]
  0x000002b365b49c90 WorkerThread "G1 Conc#1"                       [id=18820, stack(0x000000d1cd900000,0x000000d1cda00000) (1024K)]
  0x000002b365b498e0 WorkerThread "G1 Conc#2"                       [id=14700, stack(0x000000d1cdf00000,0x000000d1ce000000) (1024K)]
  0x000002b31dc29780 ConcurrentGCThread "G1 Refine#0"               [id=18804, stack(0x000000d1cc200000,0x000000d1cc300000) (1024K)]
  0x000002b31dc2b1b0 ConcurrentGCThread "G1 Service"                [id=3672, stack(0x000000d1cc300000,0x000000d1cc400000) (1024K)]
Total: 18

Threads with active compile tasks:
C2 CompilerThread0  13265 5520       4       java.util.AbstractCollection::toArray (144 bytes)
C2 CompilerThread1  13265 5457   !   4       org.springframework.core.annotation.AnnotationsScanner::processMethodHierarchy (276 bytes)
C2 CompilerThread2  13265 5444   !   4       org.springframework.util.ReflectionUtils::doWithMethods (189 bytes)
Total: 3

VM state: not at safepoint (normal execution)

VM Mutex/Monitor currently owned by a thread: None

Heap address: 0x0000000084400000, size: 1980 MB, Compressed Oops mode: 32-bit

CDS archive(s) mapped at: [0x000002b31e000000-0x000002b31ec60000-0x000002b31ec60000), size 12976128, SharedBaseAddress: 0x000002b31e000000, ArchiveRelocationMode: 1.
Compressed class space mapped at: 0x000002b31f000000-0x000002b35f000000, reserved size: 1073741824
Narrow klass base: 0x000002b31e000000, Narrow klass shift: 0, Narrow klass range: 0x41000000

GC Precious Log:
 CardTable entry size: 512
 Card Set container configuration: InlinePtr #cards 5 size 8 Array Of Cards #cards 12 size 40 Howl #buckets 4 coarsen threshold 1843 Howl Bitmap #cards 512 size 80 coarsen threshold 460 Card regions per heap region 1 cards per card region 2048
 CPUs: 12 total, 12 available
 Memory: 7916M
 Large Page Support: Disabled
 NUMA Support: Disabled
 Compressed Oops: Enabled (32-bit)
 Heap Region Size: 1M
 Heap Min Capacity: 8M
 Heap Initial Capacity: 124M
 Heap Max Capacity: 1980M
 Pre-touch: Disabled
 Parallel Workers: 10
 Concurrent Workers: 3
 Concurrent Refinement Workers: 10
 Periodic GC: Disabled

Heap:
 garbage-first heap   total reserved 2027520K, committed 51200K, used 32764K [0x0000000084400000, 0x0000000100000000)
  region size 1024K, 11 young (11264K), 3 survivors (3072K)
 Metaspace       used 61015K, committed 61632K, reserved 1114112K
  class space    used 8314K, committed 8576K, reserved 1048576K

Heap Regions: E=young(eden), S=young(survivor), O=old, HS=humongous(starts), HC=humongous(continues), CS=collection set, F=free, TAMS=top-at-mark-start, PB=parsable bottom
|   0|0x0000000084400000, 0x0000000084500000, 0x0000000084500000|100%|HS|  |TAMS 0x0000000084400000| PB 0x0000000084400000| Complete |  0
|   1|0x0000000084500000, 0x0000000084600000, 0x0000000084600000|100%|HS|  |TAMS 0x0000000084500000| PB 0x0000000084500000| Complete |  0
|   2|0x0000000084600000, 0x0000000084700000, 0x0000000084700000|100%| O|  |TAMS 0x0000000084600000| PB 0x0000000084600000| Untracked |  0
|   3|0x0000000084700000, 0x0000000084800000, 0x0000000084800000|100%| O|  |TAMS 0x0000000084700000| PB 0x0000000084700000| Untracked |  0
|   4|0x0000000084800000, 0x0000000084900000, 0x0000000084900000|100%| O|  |TAMS 0x0000000084800000| PB 0x0000000084800000| Untracked |  0
|   5|0x0000000084900000, 0x0000000084a00000, 0x0000000084a00000|100%| O|  |TAMS 0x0000000084900000| PB 0x0000000084900000| Untracked |  0
|   6|0x0000000084a00000, 0x0000000084b00000, 0x0000000084b00000|100%| O|  |TAMS 0x0000000084a00000| PB 0x0000000084a00000| Untracked |  0
|   7|0x0000000084b00000, 0x0000000084c00000, 0x0000000084c00000|100%| O|  |TAMS 0x0000000084b00000| PB 0x0000000084b00000| Untracked |  0
|   8|0x0000000084c00000, 0x0000000084d00000, 0x0000000084d00000|100%| O|  |TAMS 0x0000000084c00000| PB 0x0000000084c00000| Untracked |  0
|   9|0x0000000084d00000, 0x0000000084e00000, 0x0000000084e00000|100%| O|  |TAMS 0x0000000084d00000| PB 0x0000000084d00000| Untracked |  0
|  10|0x0000000084e00000, 0x0000000084f00000, 0x0000000084f00000|100%| O|  |TAMS 0x0000000084e00000| PB 0x0000000084e00000| Untracked |  0
|  11|0x0000000084f00000, 0x0000000085000000, 0x0000000085000000|100%| O|  |TAMS 0x0000000084f00000| PB 0x0000000084f00000| Untracked |  0
|  12|0x0000000085000000, 0x0000000085100000, 0x0000000085100000|100%| O|  |TAMS 0x0000000085000000| PB 0x0000000085000000| Untracked |  0
|  13|0x0000000085100000, 0x0000000085200000, 0x0000000085200000|100%| O|  |TAMS 0x0000000085100000| PB 0x0000000085100000| Untracked |  0
|  14|0x0000000085200000, 0x00000000852b3278, 0x0000000085300000| 69%| O|  |TAMS 0x0000000085200000| PB 0x0000000085200000| Untracked |  0
|  15|0x0000000085300000, 0x0000000085400000, 0x0000000085400000|100%| O|  |TAMS 0x0000000085300000| PB 0x0000000085300000| Untracked |  0
|  16|0x0000000085400000, 0x0000000085500000, 0x0000000085500000|100%| O|  |TAMS 0x0000000085400000| PB 0x0000000085400000| Untracked |  0
|  17|0x0000000085500000, 0x0000000085600000, 0x0000000085600000|100%| O|Cm|TAMS 0x0000000085500000| PB 0x0000000085500000| Complete |  0
|  18|0x0000000085600000, 0x0000000085700000, 0x0000000085700000|100%| O|  |TAMS 0x0000000085600000| PB 0x0000000085600000| Untracked |  0
|  19|0x0000000085700000, 0x0000000085800000, 0x0000000085800000|100%| O|  |TAMS 0x0000000085700000| PB 0x0000000085700000| Untracked |  0
|  20|0x0000000085800000, 0x0000000085900000, 0x0000000085900000|100%| O|  |TAMS 0x0000000085800000| PB 0x0000000085800000| Untracked |  0
|  21|0x0000000085900000, 0x0000000085900000, 0x0000000085a00000|  0%| F|  |TAMS 0x0000000085900000| PB 0x0000000085900000| Untracked |  0
|  22|0x0000000085a00000, 0x0000000085a00000, 0x0000000085b00000|  0%| F|  |TAMS 0x0000000085a00000| PB 0x0000000085a00000| Untracked |  0
|  23|0x0000000085b00000, 0x0000000085b00000, 0x0000000085c00000|  0%| F|  |TAMS 0x0000000085b00000| PB 0x0000000085b00000| Untracked |  0
|  24|0x0000000085c00000, 0x0000000085c00000, 0x0000000085d00000|  0%| F|  |TAMS 0x0000000085c00000| PB 0x0000000085c00000| Untracked |  0
|  25|0x0000000085d00000, 0x0000000085e00000, 0x0000000085e00000|100%| O|  |TAMS 0x0000000085d00000| PB 0x0000000085d00000| Untracked |  0
|  26|0x0000000085e00000, 0x0000000085f00000, 0x0000000085f00000|100%| O|  |TAMS 0x0000000085e00000| PB 0x0000000085e00000| Untracked |  0
|  27|0x0000000085f00000, 0x0000000085f00000, 0x0000000086000000|  0%| F|  |TAMS 0x0000000085f00000| PB 0x0000000085f00000| Untracked |  0
|  28|0x0000000086000000, 0x0000000086000000, 0x0000000086100000|  0%| F|  |TAMS 0x0000000086000000| PB 0x0000000086000000| Untracked |  0
|  29|0x0000000086100000, 0x0000000086100000, 0x0000000086200000|  0%| F|  |TAMS 0x0000000086100000| PB 0x0000000086100000| Untracked |  0
|  30|0x0000000086200000, 0x0000000086200000, 0x0000000086300000|  0%| F|  |TAMS 0x0000000086200000| PB 0x0000000086200000| Untracked |  0
|  31|0x0000000086300000, 0x0000000086300000, 0x0000000086400000|  0%| F|  |TAMS 0x0000000086300000| PB 0x0000000086300000| Untracked |  0
|  32|0x0000000086400000, 0x0000000086400000, 0x0000000086500000|  0%| F|  |TAMS 0x0000000086400000| PB 0x0000000086400000| Untracked |  0
|  33|0x0000000086500000, 0x000000008654bfc0, 0x0000000086600000| 29%| S|CS|TAMS 0x0000000086500000| PB 0x0000000086500000| Complete |  0
|  34|0x0000000086600000, 0x0000000086700000, 0x0000000086700000|100%| S|CS|TAMS 0x0000000086600000| PB 0x0000000086600000| Complete |  0
|  35|0x0000000086700000, 0x0000000086800000, 0x0000000086800000|100%| S|CS|TAMS 0x0000000086700000| PB 0x0000000086700000| Complete |  0
|  36|0x0000000086800000, 0x0000000086800000, 0x0000000086900000|  0%| F|  |TAMS 0x0000000086800000| PB 0x0000000086800000| Untracked |  0
|  37|0x0000000086900000, 0x0000000086900000, 0x0000000086a00000|  0%| F|  |TAMS 0x0000000086900000| PB 0x0000000086900000| Untracked |  0
|  38|0x0000000086a00000, 0x0000000086a00000, 0x0000000086b00000|  0%| F|  |TAMS 0x0000000086a00000| PB 0x0000000086a00000| Untracked |  0
|  39|0x0000000086b00000, 0x0000000086b00000, 0x0000000086c00000|  0%| F|  |TAMS 0x0000000086b00000| PB 0x0000000086b00000| Untracked |  0
|  40|0x0000000086c00000, 0x0000000086c00000, 0x0000000086d00000|  0%| F|  |TAMS 0x0000000086c00000| PB 0x0000000086c00000| Untracked |  0
|  41|0x0000000086d00000, 0x0000000086d00000, 0x0000000086e00000|  0%| F|  |TAMS 0x0000000086d00000| PB 0x0000000086d00000| Untracked |  0
|  78|0x0000000089200000, 0x00000000892b7118, 0x0000000089300000| 71%| E|  |TAMS 0x0000000089200000| PB 0x0000000089200000| Complete |  0
|  79|0x0000000089300000, 0x0000000089400000, 0x0000000089400000|100%| E|CS|TAMS 0x0000000089300000| PB 0x0000000089300000| Complete |  0
|  80|0x0000000089400000, 0x0000000089500000, 0x0000000089500000|100%| E|CS|TAMS 0x0000000089400000| PB 0x0000000089400000| Complete |  0
|  81|0x0000000089500000, 0x0000000089600000, 0x0000000089600000|100%| E|CS|TAMS 0x0000000089500000| PB 0x0000000089500000| Complete |  0
|  82|0x0000000089600000, 0x0000000089700000, 0x0000000089700000|100%| E|CS|TAMS 0x0000000089600000| PB 0x0000000089600000| Complete |  0
|  83|0x0000000089700000, 0x0000000089800000, 0x0000000089800000|100%| E|CS|TAMS 0x0000000089700000| PB 0x0000000089700000| Complete |  0
|  84|0x0000000089800000, 0x0000000089900000, 0x0000000089900000|100%| E|CS|TAMS 0x0000000089800000| PB 0x0000000089800000| Complete |  0
| 123|0x000000008bf00000, 0x000000008c000000, 0x000000008c000000|100%| E|CS|TAMS 0x000000008bf00000| PB 0x000000008bf00000| Complete |  0

Card table byte_map: [0x000002b318ec0000,0x000002b3192a0000] _byte_map_base: 0x000002b318a9e000

Marking Bits: (CMBitMap*) 0x000002b37f72bb00
 Bits: [0x000002b3192a0000, 0x000002b31b190000)

Polling page: 0x000002b37f2a0000

Metaspace:

Usage:
  Non-class:     51.47 MB used.
      Class:      8.12 MB used.
       Both:     59.59 MB used.

Virtual space:
  Non-class space:       64.00 MB reserved,      51.81 MB ( 81%) committed,  1 nodes.
      Class space:        1.00 GB reserved,       8.38 MB ( <1%) committed,  1 nodes.
             Both:        1.06 GB reserved,      60.19 MB (  6%) committed. 

Chunk freelists:
   Non-Class:  11.61 MB
       Class:  7.67 MB
        Both:  19.28 MB

MaxMetaspaceSize: unlimited
CompressedClassSpaceSize: 1.00 GB
Initial GC threshold: 21.00 MB
Current GC threshold: 98.69 MB
CDS: on
 - commit_granule_bytes: 65536.
 - commit_granule_words: 8192.
 - virtual_space_node_default_size: 8388608.
 - enlarge_chunks_in_place: 1.
 - use_allocation_guard: 0.


Internal statistics:

num_allocs_failed_limit: 11.
num_arena_births: 736.
num_arena_deaths: 0.
num_vsnodes_births: 2.
num_vsnodes_deaths: 0.
num_space_committed: 963.
num_space_uncommitted: 0.
num_chunks_returned_to_freelist: 11.
num_chunks_taken_from_freelist: 2804.
num_chunk_merges: 11.
num_chunk_splits: 2010.
num_chunks_enlarged: 1566.
num_inconsistent_stats: 0.

CodeHeap 'non-profiled nmethods': size=120000Kb used=3001Kb max_used=3248Kb free=116998Kb
 bounds [0x000002b311170000, 0x000002b3114b0000, 0x000002b3186a0000]
CodeHeap 'profiled nmethods': size=120000Kb used=9250Kb max_used=10107Kb free=110750Kb
 bounds [0x000002b3096a0000, 0x000002b30a080000, 0x000002b310bd0000]
CodeHeap 'non-nmethods': size=5760Kb used=1702Kb max_used=1744Kb free=4058Kb
 bounds [0x000002b310bd0000, 0x000002b310e40000, 0x000002b311170000]
 total_blobs=5522 nmethods=4798 adapters=628
 compilation: enabled
              stopped_count=0, restarted_count=0
 full_count=0

Compilation events (20 events):
Event: 12.794 Thread 0x000002b3630200a0 5479       3       org.springframework.core.ResolvableType::resolveType (143 bytes)
Event: 12.795 Thread 0x000002b3630200a0 nmethod 5479 0x000002b309705610 code [0x000002b3097058e0, 0x000002b309706a10]
Event: 12.819 Thread 0x000002b3630200a0 5480       3       java.util.stream.Streams$StreamBuilderImpl::tryAdvance (33 bytes)
Event: 12.820 Thread 0x000002b3630200a0 nmethod 5480 0x000002b309754e10 code [0x000002b309754fe0, 0x000002b309755390]
Event: 12.821 Thread 0x000002b3630200a0 5481   !   3       java.util.stream.ReferencePipeline$7$1::accept (127 bytes)
Event: 12.823 Thread 0x000002b3630200a0 nmethod 5481 0x000002b30981f490 code [0x000002b30981f720, 0x000002b309820610]
Event: 12.823 Thread 0x000002b3630200a0 5482       3       java.util.stream.AbstractPipeline::sequential (10 bytes)
Event: 12.823 Thread 0x000002b3630200a0 nmethod 5482 0x000002b309736510 code [0x000002b3097366a0, 0x000002b3097367b8]
Event: 12.831 Thread 0x000002b3630200a0 5483       3       java.util.stream.Stream::empty (8 bytes)
Event: 12.832 Thread 0x000002b3630200a0 nmethod 5483 0x000002b3096e5c90 code [0x000002b3096e5e40, 0x000002b3096e5fc8]
Event: 12.832 Thread 0x000002b3630200a0 5484   !   3       jdk.proxy2.$Proxy97::annotationType (29 bytes)
Event: 12.832 Thread 0x000002b3630200a0 nmethod 5484 0x000002b30972fa10 code [0x000002b30972fbe0, 0x000002b30972ffc0]
Event: 12.832 Thread 0x000002b3630200a0 5485       3       java.util.stream.Stream::of (13 bytes)
Event: 12.833 Thread 0x000002b3630200a0 nmethod 5485 0x000002b3099da410 code [0x000002b3099da5e0, 0x000002b3099da8d8]
Event: 12.833 Thread 0x000002b3630200a0 5486       3       java.util.stream.Streams$StreamBuilderImpl::<init> (16 bytes)
Event: 12.834 Thread 0x000002b3630200a0 nmethod 5486 0x000002b309703110 code [0x000002b3097032c0, 0x000002b3097034e8]
Event: 12.834 Thread 0x000002b3630200a0 5487       1       java.lang.Thread::threadId (5 bytes)
Event: 12.834 Thread 0x000002b3630200a0 nmethod 5487 0x000002b311170a10 code [0x000002b311170ba0, 0x000002b311170c68]
Event: 12.836 Thread 0x000002b3630200a0 5488       1       java.lang.reflect.ProxyGenerator::getClassLoader (5 bytes)
Event: 12.836 Thread 0x000002b3630200a0 nmethod 5488 0x000002b311180610 code [0x000002b3111807a0, 0x000002b311180870]

GC Heap History (20 events):
Event: 3.405 GC heap before
{Heap before GC invocations=1 (full 0):
 garbage-first heap   total reserved 2027520K, committed 126976K, used 38341K [0x0000000084400000, 0x0000000100000000)
  region size 1024K, 34 young (34816K), 3 survivors (3072K)
 Metaspace       used 15343K, committed 15744K, reserved 1114112K
  class space    used 1862K, committed 2048K, reserved 1048576K
}
Event: 3.415 GC heap after
{Heap after GC invocations=2 (full 0):
 garbage-first heap   total reserved 2027520K, committed 126976K, used 10634K [0x0000000084400000, 0x0000000100000000)
  region size 1024K, 3 young (3072K), 3 survivors (3072K)
 Metaspace       used 15343K, committed 15744K, reserved 1114112K
  class space    used 1862K, committed 2048K, reserved 1048576K
}
Event: 4.890 GC heap before
{Heap before GC invocations=2 (full 0):
 garbage-first heap   total reserved 2027520K, committed 126976K, used 46474K [0x0000000084400000, 0x0000000100000000)
  region size 1024K, 39 young (39936K), 3 survivors (3072K)
 Metaspace       used 21133K, committed 21504K, reserved 1114112K
  class space    used 2603K, committed 2816K, reserved 1048576K
}
Event: 4.901 GC heap after
{Heap after GC invocations=3 (full 0):
 garbage-first heap   total reserved 2027520K, committed 126976K, used 14419K [0x0000000084400000, 0x0000000100000000)
  region size 1024K, 7 young (7168K), 7 survivors (7168K)
 Metaspace       used 21133K, committed 21504K, reserved 1114112K
  class space    used 2603K, committed 2816K, reserved 1048576K
}
Event: 6.014 GC heap before
{Heap before GC invocations=4 (full 0):
 garbage-first heap   total reserved 2027520K, committed 51200K, used 37971K [0x0000000084400000, 0x0000000100000000)
  region size 1024K, 30 young (30720K), 7 survivors (7168K)
 Metaspace       used 24342K, committed 24704K, reserved 1114112K
  class space    used 3062K, committed 3264K, reserved 1048576K
}
Event: 6.026 GC heap after
{Heap after GC invocations=5 (full 0):
 garbage-first heap   total reserved 2027520K, committed 51200K, used 16097K [0x0000000084400000, 0x0000000100000000)
  region size 1024K, 3 young (3072K), 3 survivors (3072K)
 Metaspace       used 24342K, committed 24704K, reserved 1114112K
  class space    used 3062K, committed 3264K, reserved 1048576K
}
Event: 7.051 GC heap before
{Heap before GC invocations=5 (full 0):
 garbage-first heap   total reserved 2027520K, committed 51200K, used 39649K [0x0000000084400000, 0x0000000100000000)
  region size 1024K, 26 young (26624K), 3 survivors (3072K)
 Metaspace       used 28698K, committed 29120K, reserved 1114112K
  class space    used 3670K, committed 3840K, reserved 1048576K
}
Event: 7.058 GC heap after
{Heap after GC invocations=6 (full 0):
 garbage-first heap   total reserved 2027520K, committed 51200K, used 18262K [0x0000000084400000, 0x0000000100000000)
  region size 1024K, 4 young (4096K), 4 survivors (4096K)
 Metaspace       used 28698K, committed 29120K, reserved 1114112K
  class space    used 3670K, committed 3840K, reserved 1048576K
}
Event: 8.246 GC heap before
{Heap before GC invocations=6 (full 0):
 garbage-first heap   total reserved 2027520K, committed 51200K, used 40790K [0x0000000084400000, 0x0000000100000000)
  region size 1024K, 27 young (27648K), 4 survivors (4096K)
 Metaspace       used 33768K, committed 34240K, reserved 1114112K
  class space    used 4419K, committed 4608K, reserved 1048576K
}
Event: 8.252 GC heap after
{Heap after GC invocations=7 (full 0):
 garbage-first heap   total reserved 2027520K, committed 51200K, used 20134K [0x0000000084400000, 0x0000000100000000)
  region size 1024K, 2 young (2048K), 2 survivors (2048K)
 Metaspace       used 33768K, committed 34240K, reserved 1114112K
  class space    used 4419K, committed 4608K, reserved 1048576K
}
Event: 8.556 GC heap before
{Heap before GC invocations=7 (full 0):
 garbage-first heap   total reserved 2027520K, committed 51200K, used 26278K [0x0000000084400000, 0x0000000100000000)
  region size 1024K, 9 young (9216K), 2 survivors (2048K)
 Metaspace       used 35465K, committed 35968K, reserved 1114112K
  class space    used 4704K, committed 4928K, reserved 1048576K
}
Event: 8.559 GC heap after
{Heap after GC invocations=8 (full 0):
 garbage-first heap   total reserved 2027520K, committed 51200K, used 20208K [0x0000000084400000, 0x0000000100000000)
  region size 1024K, 2 young (2048K), 2 survivors (2048K)
 Metaspace       used 35465K, committed 35968K, reserved 1114112K
  class space    used 4704K, committed 4928K, reserved 1048576K
}
Event: 9.919 GC heap before
{Heap before GC invocations=9 (full 0):
 garbage-first heap   total reserved 2027520K, committed 51200K, used 43760K [0x0000000084400000, 0x0000000100000000)
  region size 1024K, 25 young (25600K), 2 survivors (2048K)
 Metaspace       used 45288K, committed 45824K, reserved 1114112K
  class space    used 5970K, committed 6208K, reserved 1048576K
}
Event: 9.926 GC heap after
{Heap after GC invocations=10 (full 0):
 garbage-first heap   total reserved 2027520K, committed 51200K, used 22702K [0x0000000084400000, 0x0000000100000000)
  region size 1024K, 4 young (4096K), 4 survivors (4096K)
 Metaspace       used 45288K, committed 45824K, reserved 1114112K
  class space    used 5970K, committed 6208K, reserved 1048576K
}
Event: 10.814 GC heap before
{Heap before GC invocations=10 (full 0):
 garbage-first heap   total reserved 2027520K, committed 51200K, used 43182K [0x0000000084400000, 0x0000000100000000)
  region size 1024K, 24 young (24576K), 4 survivors (4096K)
 Metaspace       used 50084K, committed 50560K, reserved 1114112K
  class space    used 6576K, committed 6784K, reserved 1048576K
}
Event: 10.821 GC heap after
{Heap after GC invocations=11 (full 0):
 garbage-first heap   total reserved 2027520K, committed 51200K, used 23611K [0x0000000084400000, 0x0000000100000000)
  region size 1024K, 2 young (2048K), 2 survivors (2048K)
 Metaspace       used 50084K, committed 50560K, reserved 1114112K
  class space    used 6576K, committed 6784K, reserved 1048576K
}
Event: 11.930 GC heap before
{Heap before GC invocations=11 (full 0):
 garbage-first heap   total reserved 2027520K, committed 51200K, used 43067K [0x0000000084400000, 0x0000000100000000)
  region size 1024K, 22 young (22528K), 2 survivors (2048K)
 Metaspace       used 56866K, committed 57472K, reserved 1114112K
  class space    used 7708K, committed 7936K, reserved 1048576K
}
Event: 11.934 GC heap after
{Heap after GC invocations=12 (full 0):
 garbage-first heap   total reserved 2027520K, committed 51200K, used 24163K [0x0000000084400000, 0x0000000100000000)
  region size 1024K, 3 young (3072K), 3 survivors (3072K)
 Metaspace       used 56866K, committed 57472K, reserved 1114112K
  class space    used 7708K, committed 7936K, reserved 1048576K
}
Event: 12.643 GC heap before
{Heap before GC invocations=12 (full 0):
 garbage-first heap   total reserved 2027520K, committed 51200K, used 37475K [0x0000000084400000, 0x0000000100000000)
  region size 1024K, 17 young (17408K), 3 survivors (3072K)
 Metaspace       used 59745K, committed 60288K, reserved 1114112K
  class space    used 8086K, committed 8320K, reserved 1048576K
}
Event: 12.648 GC heap after
{Heap after GC invocations=13 (full 0):
 garbage-first heap   total reserved 2027520K, committed 51200K, used 25596K [0x0000000084400000, 0x0000000100000000)
  region size 1024K, 3 young (3072K), 3 survivors (3072K)
 Metaspace       used 59745K, committed 60288K, reserved 1114112K
  class space    used 8086K, committed 8320K, reserved 1048576K
}

Dll operation events (14 events):
Event: 0.029 Loaded shared library C:\Program Files\Java\jdk-22\bin\java.dll
Event: 0.112 Loaded shared library C:\Program Files\Java\jdk-22\bin\jsvml.dll
Event: 0.388 Loaded shared library C:\Program Files\Java\jdk-22\bin\zip.dll
Event: 0.396 Loaded shared library C:\Program Files\Java\jdk-22\bin\instrument.dll
Event: 0.409 Loaded shared library C:\Program Files\Java\jdk-22\bin\net.dll
Event: 0.413 Loaded shared library C:\Program Files\Java\jdk-22\bin\nio.dll
Event: 0.422 Loaded shared library C:\Program Files\Java\jdk-22\bin\zip.dll
Event: 0.690 Loaded shared library C:\Program Files\Java\jdk-22\bin\extnet.dll
Event: 0.793 Loaded shared library C:\Program Files\Java\jdk-22\bin\jimage.dll
Event: 1.392 Loaded shared library C:\Program Files\Java\jdk-22\bin\management.dll
Event: 1.402 Loaded shared library C:\Program Files\Java\jdk-22\bin\management_ext.dll
Event: 2.922 Loaded shared library C:\Program Files\Java\jdk-22\bin\le.dll
Event: 3.819 Loaded shared library C:\Program Files\Java\jdk-22\bin\sunmscapi.dll
Event: 8.402 Loaded shared library C:\Program Files\Java\jdk-22\bin\verify.dll

Deoptimization events (20 events):
Event: 12.443 Thread 0x000002b3636566a0 Uncommon trap: trap_request=0xfffffff4 fr.pc=0x000002b31148b9b8 relative=0x00000000000001f8
Event: 12.443 Thread 0x000002b3636566a0 Uncommon trap: reason=null_check action=make_not_entrant pc=0x000002b31148b9b8 method=sun.invoke.util.VerifyType.isNullConversion(Ljava/lang/Class;Ljava/lang/Class;Z)Z @ 67 c2
Event: 12.443 Thread 0x000002b3636566a0 DEOPT PACKING pc=0x000002b31148b9b8 sp=0x000000d1cd3fb8e0
Event: 12.443 Thread 0x000002b3636566a0 DEOPT UNPACKING pc=0x000002b310c246a2 sp=0x000000d1cd3fb860 mode 2
Event: 12.444 Thread 0x000002b3636566a0 Uncommon trap: trap_request=0xffffff45 fr.pc=0x000002b311482a6c relative=0x000000000000014c
Event: 12.444 Thread 0x000002b3636566a0 Uncommon trap: reason=unstable_if action=reinterpret pc=0x000002b311482a6c method=java.lang.reflect.Method.equals(Ljava/lang/Object;)Z @ 45 c2
Event: 12.444 Thread 0x000002b3636566a0 DEOPT PACKING pc=0x000002b311482a6c sp=0x000000d1cd3fb850
Event: 12.444 Thread 0x000002b3636566a0 DEOPT UNPACKING pc=0x000002b310c246a2 sp=0x000000d1cd3fb7d8 mode 2
Event: 12.455 Thread 0x000002b3636566a0 Uncommon trap: trap_request=0xffffff45 fr.pc=0x000002b3113109ec relative=0x000000000000006c
Event: 12.455 Thread 0x000002b3636566a0 Uncommon trap: reason=unstable_if action=reinterpret pc=0x000002b3113109ec method=java.lang.Class.componentType()Ljava/lang/Class; @ 4 c2
Event: 12.455 Thread 0x000002b3636566a0 DEOPT PACKING pc=0x000002b3113109ec sp=0x000000d1cd3fbb50
Event: 12.455 Thread 0x000002b3636566a0 DEOPT UNPACKING pc=0x000002b310c246a2 sp=0x000000d1cd3fbae0 mode 2
Event: 12.457 Thread 0x000002b3636566a0 Uncommon trap: trap_request=0xffffff45 fr.pc=0x000002b311338a88 relative=0x0000000000000a08
Event: 12.457 Thread 0x000002b3636566a0 Uncommon trap: reason=unstable_if action=reinterpret pc=0x000002b311338a88 method=org.springframework.core.ResolvableType.resolveClass()Ljava/lang/Class; @ 38 c2
Event: 12.457 Thread 0x000002b3636566a0 DEOPT PACKING pc=0x000002b311338a88 sp=0x000000d1cd3fba10
Event: 12.457 Thread 0x000002b3636566a0 DEOPT UNPACKING pc=0x000002b310c246a2 sp=0x000000d1cd3fb8f8 mode 2
Event: 12.539 Thread 0x000002b3636566a0 Uncommon trap: trap_request=0xffffff45 fr.pc=0x000002b3111e6c4c relative=0x000000000000094c
Event: 12.539 Thread 0x000002b3636566a0 Uncommon trap: reason=unstable_if action=reinterpret pc=0x000002b3111e6c4c method=java.util.WeakHashMap.put(Ljava/lang/Object;Ljava/lang/Object;)Ljava/lang/Object; @ 146 c2
Event: 12.539 Thread 0x000002b3636566a0 DEOPT PACKING pc=0x000002b3111e6c4c sp=0x000000d1cd3fb300
Event: 12.539 Thread 0x000002b3636566a0 DEOPT UNPACKING pc=0x000002b310c246a2 sp=0x000000d1cd3fb2d8 mode 2

Classes loaded (20 events):
Event: 11.480 Loading class java/util/AbstractList$SubList
Event: 11.480 Loading class java/util/AbstractList$SubList done
Event: 11.507 Loading class java/lang/reflect/AnnotatedArrayType
Event: 11.507 Loading class java/lang/reflect/AnnotatedArrayType done
Event: 11.608 Loading class jdk/internal/org/objectweb/asm/ClassReader
Event: 11.610 Loading class jdk/internal/org/objectweb/asm/ClassReader done
Event: 12.252 Loading class java/util/stream/ReduceOps$5
Event: 12.253 Loading class java/util/stream/ReduceOps$5 done
Event: 12.253 Loading class java/util/stream/ReduceOps$CountingSink$OfRef
Event: 12.253 Loading class java/util/stream/ReduceOps$CountingSink
Event: 12.253 Loading class java/util/stream/ReduceOps$CountingSink done
Event: 12.253 Loading class java/util/stream/ReduceOps$CountingSink$OfRef done
Event: 12.330 Loading class jdk/internal/loader/BootLoader$PackageHelper
Event: 12.330 Loading class jdk/internal/loader/BootLoader$PackageHelper done
Event: 12.403 Loading class javax/naming/Reference
Event: 12.403 Loading class javax/naming/Reference done
Event: 12.451 Loading class java/lang/SafeVarargs
Event: 12.451 Loading class java/lang/SafeVarargs done
Event: 12.455 Loading class sun/reflect/generics/reflectiveObjects/GenericArrayTypeImpl
Event: 12.455 Loading class sun/reflect/generics/reflectiveObjects/GenericArrayTypeImpl done

Classes unloaded (0 events):
No events

Classes redefined (0 events):
No events

Internal exceptions (20 events):
Event: 10.340 Thread 0x000002b3636566a0 Exception <a 'java/lang/NoSuchMethodError'{0x0000000086d77690}: 'int java.lang.invoke.DirectMethodHandle$Holder.invokeVirtual(java.lang.Object, java.lang.Object, java.lang.Object)'> (0x0000000086d77690) 
thrown [s\open\src\hotspot\share\interpreter\linkResolver.cpp, line 774]
Event: 10.739 Thread 0x000002b3636566a0 Exception <a 'java/lang/IncompatibleClassChangeError'{0x0000000086359bd0}: Found class java.lang.Object, but interface was expected> (0x0000000086359bd0) 
thrown [s\open\src\hotspot\share\interpreter\linkResolver.cpp, line 841]
Event: 10.771 Thread 0x000002b3636566a0 Exception <a 'java/lang/NoSuchMethodError'{0x000000008621ea50}: 'java.lang.Object java.lang.invoke.DirectMethodHandle$Holder.invokeStatic(java.lang.Object, java.lang.Object, int, java.lang.Object)'> (0x000000008621ea50) 
thrown [s\open\src\hotspot\share\interpreter\linkResolver.cpp, line 774]
Event: 10.771 Thread 0x000002b3636566a0 Exception <a 'java/lang/NoSuchMethodError'{0x0000000086222248}: 'java.lang.Object java.lang.invoke.DirectMethodHandle$Holder.invokeStaticInit(java.lang.Object, java.lang.Object, int, java.lang.Object)'> (0x0000000086222248) 
thrown [s\open\src\hotspot\share\interpreter\linkResolver.cpp, line 774]
Event: 11.770 Thread 0x000002b3636566a0 Exception <a 'java/lang/NoSuchMethodError'{0x0000000086413488}: 'void java.lang.invoke.DirectMethodHandle$Holder.invokeInterface(java.lang.Object, java.lang.Object, int, java.lang.Object)'> (0x0000000086413488) 
thrown [s\open\src\hotspot\share\interpreter\linkResolver.cpp, line 774]
Event: 11.779 Thread 0x000002b3636566a0 Exception <a 'java/lang/NoSuchMethodError'{0x00000000864360b8}: 'java.lang.Object java.lang.invoke.DirectMethodHandle$Holder.newInvokeSpecial(java.lang.Object, java.lang.Object, int, java.lang.Object)'> (0x00000000864360b8) 
thrown [s\open\src\hotspot\share\interpreter\linkResolver.cpp, line 774]
Event: 11.828 Thread 0x000002b3636566a0 Exception <a 'java/lang/NoSuchMethodError'{0x0000000086301d78}: 'void java.lang.invoke.DirectMethodHandle$Holder.invokeSpecial(java.lang.Object, java.lang.Object, java.lang.Object, java.lang.Object, java.lang.Object, java.lang.Object, java.lang.Object, java.lang.Object)'> (0x0000000086301d78) 
thrown [s\open\src\hotspot\share\interpreter\linkResolver.cpp, line 774]
Event: 11.843 Thread 0x000002b3636566a0 Exception <a 'java/lang/NoSuchMethodError'{0x0000000086339bc8}: 'void java.lang.invoke.DirectMethodHandle$Holder.invokeSpecial(java.lang.Object, java.lang.Object, int, java.lang.Object)'> (0x0000000086339bc8) 
thrown [s\open\src\hotspot\share\interpreter\linkResolver.cpp, line 774]
Event: 11.843 Thread 0x000002b3636566a0 Exception <a 'java/lang/NoSuchMethodError'{0x000000008633ff10}: 'java.lang.Object java.lang.invoke.DirectMethodHandle$Holder.newInvokeSpecial(java.lang.Object, java.lang.Object, int)'> (0x000000008633ff10) 
thrown [s\open\src\hotspot\share\interpreter\linkResolver.cpp, line 774]
Event: 11.916 Thread 0x000002b3636566a0 Exception <a 'java/lang/NoSuchMethodError'{0x00000000862b8038}: 'java.lang.Object java.lang.invoke.DirectMethodHandle$Holder.newInvokeSpecial(java.lang.Object, java.lang.Object, java.lang.Object, java.lang.Object, java.lang.Object, int, java.lang.Object)'> (0x00000000862b8038) 
thrown [s\open\src\hotspot\share\interpreter\linkResolver.cpp, line 774]
Event: 11.925 Thread 0x000002b3636566a0 Exception <a 'java/lang/NoSuchMethodError'{0x00000000862e8c68}: 'java.lang.Object java.lang.invoke.DirectMethodHandle$Holder.newInvokeSpecial(java.lang.Object, java.lang.Object, java.lang.Object, java.lang.Object, java.lang.Object, java.lang.Object, java.lang.Object, java.lang.Object, java.lang.Object, java.lang.Object, java.lang.Object, java.lang.Object)'> (0x00000000862e8c68) 
thrown [s\open\src\hotspot\share\interpreter\linkResolver.cpp, line 774]
Event: 11.926 Thread 0x000002b3636566a0 Exception <a 'java/lang/NoSuchMethodError'{0x00000000862f1de0}: 'java.lang.Object java.lang.invoke.Invokers$Holder.linkToTargetMethod(java.lang.Object, java.lang.Object, java.lang.Object, java.lang.Object, java.lang.Object, java.lang.Object, java.lang.Object, java.lang.Object, java.lang.Object, java.lang.Object, java.lang.Object, java.lang.Object)'> (0x00000000862f1de0) 
thrown [s\open\src\hotspot\share\interpreter\linkResolver.cpp, line 774]
Event: 12.001 Thread 0x000002b3636566a0 Exception <a 'java/lang/IncompatibleClassChangeError'{0x000000008985d8e8}: Found class java.lang.Object, but interface was expected> (0x000000008985d8e8) 
thrown [s\open\src\hotspot\share\interpreter\linkResolver.cpp, line 841]
Event: 12.026 Thread 0x000002b3636566a0 Exception <a 'java/lang/NoSuchMethodError'{0x00000000898d5f20}: 'java.lang.Object java.lang.invoke.DirectMethodHandle$Holder.newInvokeSpecial(java.lang.Object, java.lang.Object, java.lang.Object, java.lang.Object, java.lang.Object, java.lang.Object, java.lang.Object, int)'> (0x00000000898d5f20) 
thrown [s\open\src\hotspot\share\interpreter\linkResolver.cpp, line 774]
Event: 12.027 Thread 0x000002b3636566a0 Exception <a 'java/lang/NoSuchMethodError'{0x00000000898da4b0}: 'java.lang.Object java.lang.invoke.DirectMethodHandle$Holder.invokeSpecial(java.lang.Object, java.lang.Object, java.lang.Object, java.lang.Object, java.lang.Object, java.lang.Object, java.lang.Object, java.lang.Object, int)'> (0x00000000898da4b0) 
thrown [s\open\src\hotspot\share\interpreter\linkResolver.cpp, line 774]
Event: 12.027 Thread 0x000002b3636566a0 Exception <a 'java/lang/NoSuchMethodError'{0x00000000898de4c8}: 'java.lang.Object java.lang.invoke.Invokers$Holder.linkToTargetMethod(java.lang.Object, java.lang.Object, java.lang.Object, java.lang.Object, java.lang.Object, java.lang.Object, int, java.lang.Object)'> (0x00000000898de4c8) 
thrown [s\open\src\hotspot\share\interpreter\linkResolver.cpp, line 774]
Event: 12.064 Thread 0x000002b3636566a0 Exception <a 'java/lang/NoSuchMethodError'{0x00000000897a03c8}: 'void java.lang.invoke.DirectMethodHandle$Holder.invokeInterface(java.lang.Object, java.lang.Object)'> (0x00000000897a03c8) 
thrown [s\open\src\hotspot\share\interpreter\linkResolver.cpp, line 774]
Event: 12.443 Thread 0x000002b3636566a0 Implicit null exception at 0x000002b31148b873 to 0x000002b31148b9a4
Event: 12.536 Thread 0x000002b3636566a0 Exception <a 'java/lang/IncompatibleClassChangeError'{0x0000000086a8a2b0}: Found class java.lang.Object, but interface was expected> (0x0000000086a8a2b0) 
thrown [s\open\src\hotspot\share\interpreter\linkResolver.cpp, line 841]
Event: 12.616 Thread 0x000002b3636566a0 Exception <a 'java/lang/IncompatibleClassChangeError'{0x000000008680c6e8}: Found class java.lang.Object, but interface was expected> (0x000000008680c6e8) 
thrown [s\open\src\hotspot\share\interpreter\linkResolver.cpp, line 841]

ZGC Phase Switch (0 events):
No events

VM Operations (20 events):
Event: 9.918 Executing VM operation: G1CollectForAllocation (G1 Evacuation Pause)
Event: 9.926 Executing VM operation: G1CollectForAllocation (G1 Evacuation Pause) done
Event: 10.814 Executing VM operation: G1CollectForAllocation (G1 Evacuation Pause)
Event: 10.821 Executing VM operation: G1CollectForAllocation (G1 Evacuation Pause) done
Event: 11.289 Executing VM operation: HandshakeAllThreads (Deoptimize)
Event: 11.289 Executing VM operation: HandshakeAllThreads (Deoptimize) done
Event: 11.297 Executing VM operation: HandshakeAllThreads (Deoptimize)
Event: 11.297 Executing VM operation: HandshakeAllThreads (Deoptimize) done
Event: 11.929 Executing VM operation: G1CollectForAllocation (G1 Evacuation Pause)
Event: 11.934 Executing VM operation: G1CollectForAllocation (G1 Evacuation Pause) done
Event: 12.224 Executing VM operation: HandshakeAllThreads (Deoptimize)
Event: 12.224 Executing VM operation: HandshakeAllThreads (Deoptimize) done
Event: 12.643 Executing VM operation: CollectForMetadataAllocation (Metadata GC Threshold)
Event: 12.648 Executing VM operation: CollectForMetadataAllocation (Metadata GC Threshold) done
Event: 12.669 Executing VM operation: G1PauseRemark
Event: 12.675 Executing VM operation: G1PauseRemark done
Event: 12.675 Executing VM operation: CollectForMetadataAllocation (Metadata GC Threshold)
Event: 12.676 Executing VM operation: CollectForMetadataAllocation (Metadata GC Threshold) done
Event: 12.685 Executing VM operation: G1PauseCleanup
Event: 12.685 Executing VM operation: G1PauseCleanup done

Memory protections (0 events):
No events

Nmethod flushes (20 events):
Event: 12.673 Thread 0x000002b31dd75210 flushing  nmethod 0x000002b309e63110
Event: 12.673 Thread 0x000002b31dd75210 flushing  nmethod 0x000002b3111d1910
Event: 12.673 Thread 0x000002b31dd75210 flushing  nmethod 0x000002b31132b690
Event: 12.673 Thread 0x000002b31dd75210 flushing  nmethod 0x000002b3096c8510
Event: 12.673 Thread 0x000002b31dd75210 flushing  nmethod 0x000002b30976c190
Event: 12.673 Thread 0x000002b31dd75210 flushing  nmethod 0x000002b30976d390
Event: 12.673 Thread 0x000002b31dd75210 flushing  nmethod 0x000002b309895190
Event: 12.673 Thread 0x000002b31dd75210 flushing  nmethod 0x000002b30989eb90
Event: 12.673 Thread 0x000002b31dd75210 flushing  nmethod 0x000002b3098ec590
Event: 12.673 Thread 0x000002b31dd75210 flushing  nmethod 0x000002b309a8c410
Event: 12.673 Thread 0x000002b31dd75210 flushing  nmethod 0x000002b309aea490
Event: 12.673 Thread 0x000002b31dd75210 flushing  nmethod 0x000002b309aef090
Event: 12.673 Thread 0x000002b31dd75210 flushing  nmethod 0x000002b309af3b90
Event: 12.673 Thread 0x000002b31dd75210 flushing  nmethod 0x000002b309af4010
Event: 12.673 Thread 0x000002b31dd75210 flushing  nmethod 0x000002b309c59b10
Event: 12.673 Thread 0x000002b31dd75210 flushing  nmethod 0x000002b309cbda90
Event: 12.673 Thread 0x000002b31dd75210 flushing  nmethod 0x000002b309cbf110
Event: 12.673 Thread 0x000002b31dd75210 flushing  nmethod 0x000002b309cc2e10
Event: 12.673 Thread 0x000002b31dd75210 flushing  nmethod 0x000002b309d8a810
Event: 12.673 Thread 0x000002b31dd75210 flushing  nmethod 0x000002b309d8f490

Events (20 events):
Event: 3.054 Thread 0x000002b3630200a0 Thread added: 0x000002b363f34880
Event: 3.832 Thread 0x000002b363659490 Thread exited: 0x000002b363659490
Event: 3.899 Thread 0x000002b3636566a0 Thread added: 0x000002b3636573c0
Event: 4.090 Thread 0x000002b3636573c0 Thread exited: 0x000002b3636573c0
Event: 7.320 Thread 0x000002b3636566a0 Thread added: 0x000002b363658770
Event: 7.322 Thread 0x000002b363658770 Thread added: 0x000002b363659b20
Event: 7.334 Thread 0x000002b3636566a0 Thread added: 0x000002b365384990
Event: 7.391 Thread 0x000002b3636566a0 Thread added: 0x000002b365382f50
Event: 8.168 Thread 0x000002b363f350a0 Thread exited: 0x000002b363f350a0
Event: 8.168 Thread 0x000002b363f34880 Thread exited: 0x000002b363f34880
Event: 9.206 Thread 0x000002b3630200a0 Thread added: 0x000002b3658eb460
Event: 9.483 Thread 0x000002b3630200a0 Thread added: 0x000002b365c2b020
Event: 9.687 Thread 0x000002b3636566a0 Thread added: 0x000002b365383c70
Event: 9.796 Thread 0x000002b365383c70 Thread added: 0x000002b3653856b0
Event: 10.666 Thread 0x000002b365c2b020 Thread exited: 0x000002b365c2b020
Event: 10.808 Thread 0x000002b3658eb460 Thread exited: 0x000002b3658eb460
Event: 11.300 Thread 0x000002b3630200a0 Thread added: 0x000002b3658f3450
Event: 11.713 Thread 0x000002b3658f3450 Thread exited: 0x000002b3658f3450
Event: 12.445 Thread 0x000002b3630200a0 Thread added: 0x000002b3661db7f0
Event: 12.446 Thread 0x000002b3630200a0 Thread added: 0x000002b3678debf0


Dynamic libraries:
0x00007ff6bfc10000 - 0x00007ff6bfc20000 	C:\Program Files\Java\jdk-22\bin\java.exe
0x00007ffad3dc0000 - 0x00007ffad4025000 	C:\WINDOWS\SYSTEM32\ntdll.dll
0x00007ffad2c10000 - 0x00007ffad2cd9000 	C:\WINDOWS\System32\KERNEL32.DLL
0x00007ffad11d0000 - 0x00007ffad15b8000 	C:\WINDOWS\System32\KERNELBASE.dll
0x00007ffad1700000 - 0x00007ffad184b000 	C:\WINDOWS\System32\ucrtbase.dll
0x00007ffacba90000 - 0x00007ffacbaa7000 	C:\Program Files\Java\jdk-22\bin\jli.dll
0x00007ffacb870000 - 0x00007ffacb88b000 	C:\Program Files\Java\jdk-22\bin\VCRUNTIME140.dll
0x00007ffad37c0000 - 0x00007ffad398a000 	C:\WINDOWS\System32\USER32.dll
0x00007ffad1a90000 - 0x00007ffad1ab7000 	C:\WINDOWS\System32\win32u.dll
0x00007ffab0600000 - 0x00007ffab089a000 	C:\WINDOWS\WinSxS\amd64_microsoft.windows.common-controls_6595b64144ccf1df_6.0.26100.4202_none_3e0698d4e335f517\COMCTL32.dll
0x00007ffad3b70000 - 0x00007ffad3b9b000 	C:\WINDOWS\System32\GDI32.dll
0x00007ffad1ce0000 - 0x00007ffad1d89000 	C:\WINDOWS\System32\msvcrt.dll
0x00007ffad15c0000 - 0x00007ffad16f7000 	C:\WINDOWS\System32\gdi32full.dll
0x00007ffad0fa0000 - 0x00007ffad1043000 	C:\WINDOWS\System32\msvcp_win.dll
0x00007ffad1b90000 - 0x00007ffad1bc0000 	C:\WINDOWS\System32\IMM32.DLL
0x00007ffabfbd0000 - 0x00007ffabfbdc000 	C:\Program Files\Java\jdk-22\bin\vcruntime140_1.dll
0x00007ffa9cd60000 - 0x00007ffa9cdee000 	C:\Program Files\Java\jdk-22\bin\msvcp140.dll
0x00007ffa58e60000 - 0x00007ffa59ba9000 	C:\Program Files\Java\jdk-22\bin\server\jvm.dll
0x00007ffad3ba0000 - 0x00007ffad3c53000 	C:\WINDOWS\System32\ADVAPI32.dll
0x00007ffad2880000 - 0x00007ffad2926000 	C:\WINDOWS\System32\sechost.dll
0x00007ffad3c60000 - 0x00007ffad3d75000 	C:\WINDOWS\System32\RPCRT4.dll
0x00007ffad3740000 - 0x00007ffad37b4000 	C:\WINDOWS\System32\WS2_32.dll
0x00007ffad0d60000 - 0x00007ffad0dbe000 	C:\WINDOWS\SYSTEM32\POWRPROF.dll
0x00007ffac5330000 - 0x00007ffac5365000 	C:\WINDOWS\SYSTEM32\WINMM.dll
0x00007ffac5100000 - 0x00007ffac510b000 	C:\WINDOWS\SYSTEM32\VERSION.dll
0x00007ffad0d40000 - 0x00007ffad0d54000 	C:\WINDOWS\SYSTEM32\UMPDC.dll
0x00007ffacfcd0000 - 0x00007ffacfceb000 	C:\WINDOWS\SYSTEM32\kernel.appcore.dll
0x00007ffabfbc0000 - 0x00007ffabfbca000 	C:\Program Files\Java\jdk-22\bin\jimage.dll
0x00007fface110000 - 0x00007fface351000 	C:\WINDOWS\SYSTEM32\DBGHELP.DLL
0x00007ffad1d90000 - 0x00007ffad2115000 	C:\WINDOWS\System32\combase.dll
0x00007ffad3610000 - 0x00007ffad36f1000 	C:\WINDOWS\System32\OLEAUT32.dll
0x00007ffaaa8b0000 - 0x00007ffaaa8e9000 	C:\WINDOWS\SYSTEM32\dbgcore.DLL
0x00007ffad1ac0000 - 0x00007ffad1b59000 	C:\WINDOWS\System32\bcryptPrimitives.dll
0x00007ffabfbe0000 - 0x00007ffabfbef000 	C:\Program Files\Java\jdk-22\bin\instrument.dll
0x00007ffabc7b0000 - 0x00007ffabc7ce000 	C:\Program Files\Java\jdk-22\bin\java.dll
0x00007ffad2120000 - 0x00007ffad2862000 	C:\WINDOWS\System32\SHELL32.dll
0x00007ffad1910000 - 0x00007ffad1a84000 	C:\WINDOWS\System32\wintypes.dll
0x00007ffad3460000 - 0x00007ffad35fe000 	C:\WINDOWS\System32\ole32.dll
0x00007ffaceb90000 - 0x00007ffacf3e7000 	C:\WINDOWS\SYSTEM32\windows.storage.dll
0x00007ffad2930000 - 0x00007ffad2a21000 	C:\WINDOWS\System32\SHCORE.dll
0x00007ffad1bd0000 - 0x00007ffad1c3a000 	C:\WINDOWS\System32\shlwapi.dll
0x00007ffad0e20000 - 0x00007ffad0e4f000 	C:\WINDOWS\SYSTEM32\profapi.dll
0x00007ffa995c0000 - 0x00007ffa99697000 	C:\Program Files\Java\jdk-22\bin\jsvml.dll
0x00007ffaa6390000 - 0x00007ffaa63a7000 	C:\Program Files\Java\jdk-22\bin\zip.dll
0x00007ffabe940000 - 0x00007ffabe950000 	C:\Program Files\Java\jdk-22\bin\net.dll
0x00007ffad0240000 - 0x00007ffad02aa000 	C:\WINDOWS\system32\mswsock.dll
0x00007ffabc790000 - 0x00007ffabc7a6000 	C:\Program Files\Java\jdk-22\bin\nio.dll
0x00007ffabc780000 - 0x00007ffabc789000 	C:\Program Files\Java\jdk-22\bin\extnet.dll
0x00007ffaba7f0000 - 0x00007ffaba7fa000 	C:\Program Files\Java\jdk-22\bin\management.dll
0x00007ffaba430000 - 0x00007ffaba43b000 	C:\Program Files\Java\jdk-22\bin\management_ext.dll
0x00007ffad2870000 - 0x00007ffad2878000 	C:\WINDOWS\System32\PSAPI.DLL
0x00007ffab09c0000 - 0x00007ffab09cb000 	C:\Program Files\Java\jdk-22\bin\le.dll
0x00007ffabfbf0000 - 0x00007ffabfbfe000 	C:\Program Files\Java\jdk-22\bin\sunmscapi.dll
0x00007ffad1050000 - 0x00007ffad11c7000 	C:\WINDOWS\System32\CRYPT32.dll
0x00007ffad0710000 - 0x00007ffad0740000 	C:\WINDOWS\SYSTEM32\ncrypt.dll
0x00007ffad06c0000 - 0x00007ffad06ff000 	C:\WINDOWS\SYSTEM32\NTASN1.dll
0x00007ffad04f0000 - 0x00007ffad050b000 	C:\WINDOWS\SYSTEM32\CRYPTSP.dll
0x00007ffacfc30000 - 0x00007ffacfc6a000 	C:\WINDOWS\system32\rsaenh.dll
0x00007ffad02e0000 - 0x00007ffad030b000 	C:\WINDOWS\SYSTEM32\USERENV.dll
0x00007ffad0df0000 - 0x00007ffad0e16000 	C:\WINDOWS\SYSTEM32\bcrypt.dll
0x00007ffad0510000 - 0x00007ffad051c000 	C:\WINDOWS\SYSTEM32\CRYPTBASE.dll
0x00007ffacf7b0000 - 0x00007ffacf7e3000 	C:\WINDOWS\SYSTEM32\IPHLPAPI.DLL
0x00007ffad1b80000 - 0x00007ffad1b8a000 	C:\WINDOWS\System32\NSI.dll
0x00007ffaa6120000 - 0x00007ffaa6130000 	C:\Program Files\Java\jdk-22\bin\verify.dll
0x00007ffacf880000 - 0x00007ffacf9a7000 	C:\WINDOWS\SYSTEM32\DNSAPI.dll
0x00007ffac9490000 - 0x00007ffac949b000 	C:\Windows\System32\rasadhlp.dll
0x00007ffacac60000 - 0x00007ffacace6000 	C:\WINDOWS\System32\fwpuclnt.dll

dbghelp: loaded successfully - version: 4.0.5 - missing functions: none
symbol engine: initialized successfully - sym options: 0x614 - pdb path: .;C:\Program Files\Java\jdk-22\bin;C:\WINDOWS\SYSTEM32;C:\WINDOWS\WinSxS\amd64_microsoft.windows.common-controls_6595b64144ccf1df_6.0.26100.4202_none_3e0698d4e335f517;C:\Program Files\Java\jdk-22\bin\server

VM Arguments:
jvm_args: -javaagent:C:\Program Files\JetBrains\IntelliJ IDEA Community Edition 2024.3.5\lib\idea_rt.jar=59406 -Dfile.encoding=UTF-8 -Dsun.stdout.encoding=UTF-8 -Dsun.stderr.encoding=UTF-8 
java_command: com.reciclatech.RegistroSaida.RegistroSaidaApplication
java_class_path (initial): C:\Projetos\ReciclaTech\Back-End_ReciclaTech\Registro de Saida\target\classes;C:\Users\Júllio\.m2\repository\org\springframework\boot\spring-boot-starter-data-jpa\3.4.4\spring-boot-starter-data-jpa-3.4.4.jar;C:\Users\Júllio\.m2\repository\org\springframework\boot\spring-boot-starter\3.4.4\spring-boot-starter-3.4.4.jar;C:\Users\Júllio\.m2\repository\org\springframework\boot\spring-boot-starter-logging\3.4.4\spring-boot-starter-logging-3.4.4.jar;C:\Users\Júllio\.m2\repository\ch\qos\logback\logback-classic\1.5.18\logback-classic-1.5.18.jar;C:\Users\Júllio\.m2\repository\ch\qos\logback\logback-core\1.5.18\logback-core-1.5.18.jar;C:\Users\Júllio\.m2\repository\org\apache\logging\log4j\log4j-to-slf4j\2.24.3\log4j-to-slf4j-2.24.3.jar;C:\Users\Júllio\.m2\repository\org\apache\logging\log4j\log4j-api\2.24.3\log4j-api-2.24.3.jar;C:\Users\Júllio\.m2\repository\org\slf4j\jul-to-slf4j\2.0.17\jul-to-slf4j-2.0.17.jar;C:\Users\Júllio\.m2\repository\jakarta\annotation\jakarta.annotation-api\2.1.1\jakarta.annotation-api-2.1.1.jar;C:\Users\Júllio\.m2\repository\org\yaml\snakeyaml\2.3\snakeyaml-2.3.jar;C:\Users\Júllio\.m2\repository\org\springframework\boot\spring-boot-starter-jdbc\3.4.4\spring-boot-starter-jdbc-3.4.4.jar;C:\Users\Júllio\.m2\repository\com\zaxxer\HikariCP\5.1.0\HikariCP-5.1.0.jar;C:\Users\Júllio\.m2\repository\org\springframework\spring-jdbc\6.2.5\spring-jdbc-6.2.5.jar;C:\Users\Júllio\.m2\repository\org\hibernate\orm\hibernate-core\6.6.11.Final\hibernate-core-6.6.11.Final.jar;C:\Users\Júllio\.m2\repository\jakarta\persistence\jakarta.persistence-api\3.1.0\jakarta.persistence-api-3.1.0.jar;C:\Users\Júllio\.m2\repository\jakarta\transaction\jakarta.transaction-api\2.0.1\jakarta.transaction-api-2.0.1.jar;C:\Users\Júllio\.m2\repository\org\jboss\logging\jboss-logging\3.6.1.Final\jboss-logging-3.6.1.Final.jar;C:\Users\Júllio\.m2\repository\org\hibernate\common\hibernate-commons-annotations\7.0.3.Final\hibernate-commons-annotations-7.0.3.Final.jar;C:\Users\Júllio\.m2\repository\io\smallrye\jandex\3.2.0\jandex-3.2.0.jar;C:\Users\Júllio\.m2\repository\com\fasterxml\classmate\1.7.0\classmate-1.7.0.jar;C:\Users\Júllio\.m2\repository\net\bytebuddy\byte-buddy\1.15.11\byte-buddy-1.15.11.jar;C:\Users\Júllio\.m2\repository\org\glassfish\jaxb\jaxb-runtime\4.0.5\jaxb-runtime-4.0.5.jar;C:\Users\Júllio\.m2\repository\org\glassfish\jaxb\jaxb-core\4.0.5\jaxb-core-4.0.5.jar;C:\Users\Júllio\.m2\repository\org\eclipse\angus\angus-activation\2.0.2\angus-activation-2.0.2.jar;C:\Users\Júllio\.m2\repository\org\glassfish\jaxb\txw2\4.0.5\txw2-4.0.5.jar;C:\Users\Júllio\.m2\repository\com\sun\istack\istack-commons-runtime\4.1.2\istack-commons-runtime-4.1.2.jar;C:\Users\Júllio\.m2\repository\jakarta\inject\jakarta.inject-api\2.0.1\jakarta.inject-api-2.0.1.jar;C:\Users\Júllio\.m2\repository\org\antlr\antlr4-runtime\4.13.0\antlr4-runtime-4.13.0.jar;C:\Users\Júllio\.m2\repository\org\springframework\data\spring-data-jpa\3.4.4\spring-data-jpa-3.4.4.jar;C:\Users\Júllio\.m2\repository\org\springframework\data\spring-data-commons\3.4.4\spring-data-commons-3.4.4.jar;C:\Users\Júllio\.m2\repository\org\springframework\spring-orm\6.2.5\spring-orm-6.2.5.jar;C:\Users\Júllio\.m2\repository\org\springframework\spring-context\6.2.5\spring-context-6.2.5.jar;C:\Users\Júllio\.m2\repository\org\springframework\spring-aop\6.2.5\spring-aop-6.2.5.jar;C:\Users\Júllio\.m2\repository\org\springframework\spring-tx\6.2.5\spring-tx-6.2.5.jar;C:\Users\Júllio\.m2\repository\org\springframework\spring-beans\6.2.5\spring-beans-6.2.5.jar;C:\Users\Júllio\.m2\repository\org\slf4j\slf4j-api\2.0.17\slf4j-api-2.0.17.jar;C:\Users\Júllio\.m2\repository\org\springframework\spring-aspects\6.2.5\spring-aspects-6.2.5.jar;C:\Users\Júllio\.m2\repository\org\aspectj\aspectjweaver\1.9.23\aspectjweaver-1.9.23.jar;C:\Users\Júllio\.m2\repository\org\springframework\boot\spring-boot-starter-web\3.4.4\spring-boot-starter-web-3.4.4.jar;C:\Users\Júllio\.m2\repository\org\springframework\boot\spring-boot-starter-json\3.4.4\spring-boot-starter-json-3.4.4.jar;C:\Users\Júllio\.m2\repository\com\fasterxml\jackson\core\jackson-databind\2.18.3\jackson-databind-2.18.3.jar;C:\Users\Júllio\.m2\repository\com\fasterxml\jackson\core\jackson-annotations\2.18.3\jackson-annotations-2.18.3.jar;C:\Users\Júllio\.m2\repository\com\fasterxml\jackson\core\jackson-core\2.18.3\jackson-core-2.18.3.jar;C:\Users\Júllio\.m2\repository\com\fasterxml\jackson\datatype\jackson-datatype-jdk8\2.18.3\jackson-datatype-jdk8-2.18.3.jar;C:\Users\Júllio\.m2\repository\com\fasterxml\jackson\datatype\jackson-datatype-jsr310\2.18.3\jackson-datatype-jsr310-2.18.3.jar;C:\Users\Júllio\.m2\repository\com\fasterxml\jackson\module\jackson-module-parameter-names\2.18.3\jackson-module-parameter-names-2.18.3.jar;C:\Users\Júllio\.m2\repository\org\springframework\boot\spring-boot-starter-tomcat\3.4.4\spring-boot-starter-tomcat-3.4.4.jar;C:\Users\Júllio\.m2\repository\org\apache\tomcat\embed\tomcat-embed-core\10.1.39\tomcat-embed-core-10.1.39.jar;C:\Users\Júllio\.m2\repository\org\apache\tomcat\embed\tomcat-embed-el\10.1.39\tomcat-embed-el-10.1.39.jar;C:\Users\Júllio\.m2\repository\org\apache\tomcat\embed\tomcat-embed-websocket\10.1.39\tomcat-embed-websocket-10.1.39.jar;C:\Users\Júllio\.m2\repository\org\springframework\spring-web\6.2.5\spring-web-6.2.5.jar;C:\Users\Júllio\.m2\repository\io\micrometer\micrometer-observation\1.14.5\micrometer-observation-1.14.5.jar;C:\Users\Júllio\.m2\repository\io\micrometer\micrometer-commons\1.14.5\micrometer-commons-1.14.5.jar;C:\Users\Júllio\.m2\repository\org\springframework\spring-webmvc\6.2.5\spring-webmvc-6.2.5.jar;C:\Users\Júllio\.m2\repository\org\springframework\spring-expression\6.2.5\spring-expression-6.2.5.jar;C:\Users\Júllio\.m2\repository\org\springframework\boot\spring-boot-devtools\3.4.4\spring-boot-devtools-3.4.4.jar;C:\Users\Júllio\.m2\repository\org\springframework\boot\spring-boot\3.4.4\spring-boot-3.4.4.jar;C:\Users\Júllio\.m2\repository\org\springframework\boot\spring-boot-autoconfigure\3.4.4\spring-boot-autoconfigure-3.4.4.jar;C:\Users\Júllio\.m2\repository\com\mysql\mysql-connector-j\8.4.0\mysql-connector-j-8.4.0.jar;C:\Users\Júllio\.m2\repository\org\projectlombok\lombok\1.18.36\lombok-1.18.36.jar;C:\Users\Júllio\.m2\repository\jakarta\xml\bind\jakarta.xml.bind-api\4.0.2\jakarta.xml.bind-api-4.0.2.jar;C:\Users\Júllio\.m2\repository\jakarta\activation\jakarta.activation-api\2.1.3\jakarta.activation-api-2.1.3.jar;C:\Users\Júllio\.m2\repository\org\springframework\spring-core\6.2.5\spring-core-6.2.5.jar;C:\Users\Júllio\.m2\repository\org\springframework\spring-jcl\6.2.5\spring-jcl-6.2.5.jar
Launcher Type: SUN_STANDARD

[Global flags]
     intx CICompilerCount                          = 4                                         {product} {ergonomic}
     uint ConcGCThreads                            = 3                                         {product} {ergonomic}
     uint G1ConcRefinementThreads                  = 10                                        {product} {ergonomic}
   size_t G1HeapRegionSize                         = 1048576                                   {product} {ergonomic}
   size_t InitialHeapSize                          = 130023424                                 {product} {ergonomic}
   size_t MarkStackSize                            = 4194304                                   {product} {ergonomic}
   size_t MaxHeapSize                              = 2076180480                                {product} {ergonomic}
   size_t MaxNewSize                               = 1245708288                                {product} {ergonomic}
   size_t MinHeapDeltaBytes                        = 1048576                                   {product} {ergonomic}
   size_t MinHeapSize                              = 8388608                                   {product} {ergonomic}
    uintx NonNMethodCodeHeapSize                   = 5839372                                {pd product} {ergonomic}
    uintx NonProfiledCodeHeapSize                  = 122909434                              {pd product} {ergonomic}
    uintx ProfiledCodeHeapSize                     = 122909434                              {pd product} {ergonomic}
    uintx ReservedCodeCacheSize                    = 251658240                              {pd product} {ergonomic}
     bool SegmentedCodeCache                       = true                                      {product} {ergonomic}
   size_t SoftMaxHeapSize                          = 2076180480                             {manageable} {ergonomic}
     bool UseCompressedOops                        = true                           {product lp64_product} {ergonomic}
     bool UseG1GC                                  = true                                      {product} {ergonomic}
     bool UseLargePagesIndividualAllocation        = false                                  {pd product} {ergonomic}

Logging:
Log output configuration:
 #0: stdout all=warning uptime,level,tags foldmultilines=false
 #1: stderr all=off uptime,level,tags foldmultilines=false

Environment Variables:
PATH=C:\Program Files\Common Files\Oracle\Java\javapath;C:\WINDOWS\system32;C:\WINDOWS;C:\WINDOWS\System32\Wbem;C:\WINDOWS\System32\WindowsPowerShell\v1.0\;C:\WINDOWS\System32\OpenSSH\;C:\Program Files\dotnet\;C:\Program Files (x86)\Windows Kits\10\Windows Performance Toolkit\;C:\Program Files\Microsoft SQL Server\150\Tools\Binn\;C:\Program Files\Microsoft SQL Server\Client SDK\ODBC\170\Tools\Binn\;C:\Program Files\nodejs\;C:\Program Files\Git\cmd;C:\Maven\apache-maven-3.9.9\bin;C:\Program Files (x86)\Microsoft SQL Server\160\DTS\Binn\;C:\Users\Júllio\AppData\Local\Microsoft\WindowsApps;C:\Users\Júllio\AppData\Local\Programs\Microsoft VS Code\bin;C:\Users\Júllio\AppData\Roaming\npm;C:\Users\Júllio\AppData\Local\GitHubDesktop\bin;C:\Users\Júllio\AppData\Local\Programs\Git\cmd;C:\Users\Júllio\.dotnet\tools;
USERNAME=Júllio
OS=Windows_NT
PROCESSOR_IDENTIFIER=Intel64 Family 6 Model 154 Stepping 4, GenuineIntel
TMP=C:\Users\JLLIO~1\AppData\Local\Temp
TEMP=C:\Users\JLLIO~1\AppData\Local\Temp




Periodic native trim disabled

---------------  S Y S T E M  ---------------

OS:
 Windows 11 , 64 bit Build 26100 (10.0.26100.4202)
OS uptime: 0 days 8:09 hours

CPU: total 12 (initial active 12) (12 cores per cpu, 1 threads per core) family 6 model 154 stepping 4 microcode 0x424, cx8, cmov, fxsr, mmx, 3dnowpref, sse, sse2, sse3, ssse3, sse4.1, sse4.2, popcnt, lzcnt, tsc, tscinvbit, avx, avx2, aes, erms, clmul, bmi1, bmi2, adx, sha, fma, vzeroupper, clflush, clflushopt, clwb, serialize, rdtscp, rdpid, fsrm, f16c, pku, cet_ibt, cet_ss
Processor Information for processor 0
  Max Mhz: 1300, Current Mhz: 1300, Mhz Limit: 1300
Processor Information for processor 1
  Max Mhz: 1300, Current Mhz: 1300, Mhz Limit: 1300
Processor Information for processor 2
  Max Mhz: 1300, Current Mhz: 1300, Mhz Limit: 1300
Processor Information for processor 3
  Max Mhz: 1300, Current Mhz: 1300, Mhz Limit: 1300
Processor Information for processor 4
  Max Mhz: 900, Current Mhz: 900, Mhz Limit: 900
Processor Information for processor 5
  Max Mhz: 900, Current Mhz: 900, Mhz Limit: 900
Processor Information for processor 6
  Max Mhz: 900, Current Mhz: 900, Mhz Limit: 900
Processor Information for processor 7
  Max Mhz: 900, Current Mhz: 900, Mhz Limit: 900
Processor Information for processor 8
  Max Mhz: 900, Current Mhz: 900, Mhz Limit: 900
Processor Information for processor 9
  Max Mhz: 900, Current Mhz: 900, Mhz Limit: 900
Processor Information for processor 10
  Max Mhz: 900, Current Mhz: 900, Mhz Limit: 900
Processor Information for processor 11
  Max Mhz: 900, Current Mhz: 900, Mhz Limit: 900

Memory: 4k page, system-wide physical 7916M (784M free)
TotalPageFile size 23747M (AvailPageFile size 19M)
current process WorkingSet (physical memory assigned to process): 263M, peak: 265M
current process commit charge ("private bytes"): 302M, peak: 306M

vm_info: Java HotSpot(TM) 64-Bit Server VM (22.0.2+9-70) for windows-amd64 JRE (22.0.2+9-70), built on 2024-06-04T16:52:23Z by "mach5one" with MS VC++ 17.6 (VS2022)

END.
